#
# A fatal error has been detected by the Java Runtime Environment:
#
#  SIGSEGV (0xb) at pc=0x00007fe6aa24f22b, pid=5842, tid=5848
#
# JRE version: OpenJDK Runtime Environment (11.0.17+8) (build 11.0.17+8-post-Ubuntu-1ubuntu222.04)
# Java VM: OpenJDK 64-Bit Server VM (11.0.17+8-post-Ubuntu-1ubuntu222.04, mixed mode, sharing, tiered, compressed oops, g1 gc, linux-amd64)
# Problematic frame:
# V  [libjvm.so+0x76122b]
#
# Core dump will be written. Default location: Core dumps may be processed with "/usr/share/apport/apport -p%p -s%s -c%c -d%d -P%P -u%u -g%g -- %E" (or dumping to /home/sushant/Desktop/React-Native/ratinger/android/core.5842)
#
# If you would like to submit a bug report, please visit:
#   https://bugs.launchpad.net/ubuntu/+source/openjdk-lts
#

---------------  S U M M A R Y ------------

Command Line: -XX:MaxMetaspaceSize=512m --add-opens=java.base/java.util=ALL-UNNAMED --add-opens=java.base/java.lang=ALL-UNNAMED --add-opens=java.base/java.lang.invoke=ALL-UNNAMED --add-opens=java.base/java.util=ALL-UNNAMED --add-opens=java.prefs/java.util.prefs=ALL-UNNAMED --add-opens=java.prefs/java.util.prefs=ALL-UNNAMED --add-opens=java.base/java.nio.charset=ALL-UNNAMED --add-opens=java.base/java.net=ALL-UNNAMED --add-opens=java.base/java.util.concurrent.atomic=ALL-UNNAMED -Xmx2048m -Dfile.encoding=UTF-8 -Duser.country=IN -Duser.language=en -Duser.variant org.gradle.launcher.daemon.bootstrap.GradleDaemon 7.5.1

Host: Intel(R) Core(TM) i5-8265U CPU @ 1.60GHz, 8 cores, 7G, Ubuntu 22.04.1 LTS
Time: Wed Feb  8 17:14:06 2023 IST elapsed time: 6.670140 seconds (0d 0h 0m 6s)

---------------  T H R E A D  ---------------

Current thread (0x00007fe6a4064800):  ConcurrentGCThread "G1 Conc#0" [stack: 0x00007fe6a80f4000,0x00007fe6a81f4000] [id=5848]

Stack: [0x00007fe6a80f4000,0x00007fe6a81f4000],  sp=0x00007fe6a81f2c00,  free space=1019k
Native frames: (J=compiled Java code, A=aot compiled Java code, j=interpreted, Vv=VM code, C=native code)
V  [libjvm.so+0x76122b]
V  [libjvm.so+0x7647bc]
V  [libjvm.so+0x76a05d]
V  [libjvm.so+0xecf0de]
V  [libjvm.so+0xe332a0]
V  [libjvm.so+0xbf10ce]


siginfo: si_signo: 11 (SIGSEGV), si_code: 1 (SEGV_MAPERR), si_addr: 0x00007feaaa0b4460

Register to memory mapping:

RAX=0x00007fe6aad6e060: <offset 0x0000000001280060> in /usr/lib/jvm/java-11-openjdk-amd64/lib/server/libjvm.so at 0x00007fe6a9aee000
RBX=0x0000000000000008 is an unknown value
RCX=0x000000007fe68c80 is an unknown value
RDX=0x0000000800000008 is pointing into metadata
RSP=0x00007fe6a81f2c00 points into unknown readable memory: 0x0000000000000007 | 07 00 00 00 00 00 00 00
RBP=0x00007fe6a81f2c30 points into unknown readable memory: 0x00007fe6a81f2ce0 | e0 2c 1f a8 e6 7f 00 00
RSI=0x00000000808b5af8 points into unknown readable memory: 0x0000000000000075 | 75 00 00 00 00 00 00 00
RDI=0x00007fe6a81f2c90 points into unknown readable memory: 0x00007fe6aac69630 | 30 96 c6 aa e6 7f 00 00
R8 =0x00000000808b5af8 points into unknown readable memory: 0x0000000000000075 | 75 00 00 00 00 00 00 00
R9 =0x0000000800355a08 is pointing into metadata
R10=0x0000000000000002 is an unknown value
R11=0x0000000000000007 is an unknown value
R12=0x00007fe6a406a380 points into unknown readable memory: 0x00007fe6aac698c8 | c8 98 c6 aa e6 7f 00 00
R13=0x00000000808b5af8 points into unknown readable memory: 0x0000000000000075 | 75 00 00 00 00 00 00 00
R14=0x0000000800000008 is pointing into metadata
R15=0x00007fe6a81f2c90 points into unknown readable memory: 0x00007fe6aac69630 | 30 96 c6 aa e6 7f 00 00


Registers:
RAX=0x00007fe6aad6e060, RBX=0x0000000000000008, RCX=0x000000007fe68c80, RDX=0x0000000800000008
RSP=0x00007fe6a81f2c00, RBP=0x00007fe6a81f2c30, RSI=0x00000000808b5af8, RDI=0x00007fe6a81f2c90
R8 =0x00000000808b5af8, R9 =0x0000000800355a08, R10=0x0000000000000002, R11=0x0000000000000007
R12=0x00007fe6a406a380, R13=0x00000000808b5af8, R14=0x0000000800000008, R15=0x00007fe6a81f2c90
RIP=0x00007fe6aa24f22b, EFLAGS=0x0000000000010202, CSGSFS=0x002b000000000033, ERR=0x0000000000000004
  TRAPNO=0x000000000000000e

Top of Stack: (sp=0x00007fe6a81f2c00)
0x00007fe6a81f2c00:   0000000000000007 00007fe6a406a380
0x00007fe6a81f2c10:   0000000000004800 00000000808b5af8
0x00007fe6a81f2c20:   00007fe6a4059bf8 0000000000116b5f
0x00007fe6a81f2c30:   00007fe6a81f2ce0 00007fe6aa2527bc 

Instructions: (pc=0x00007fe6aa24f22b)
0x00007fe6aa24f12b:   00 48 89 83 b0 00 00 00 48 8b 83 d0 00 00 00 48
0x00007fe6aa24f13b:   2d 00 03 00 00 48 89 83 c8 00 00 00 48 83 c4 28
0x00007fe6aa24f14b:   5b 41 5c 41 5d 5d c3 66 66 2e 0f 1f 84 00 00 00
0x00007fe6aa24f15b:   00 00 0f 1f 00 55 48 89 e5 41 57 41 56 41 55 49
0x00007fe6aa24f16b:   89 f5 41 54 49 89 fc 53 48 83 ec 08 83 e6 01 74
0x00007fe6aa24f17b:   5c 4c 89 ee 48 8d 7f 08 48 83 e6 fe e8 e4 9d 00
0x00007fe6aa24f18b:   00 49 03 84 24 a8 00 00 00 49 89 84 24 a8 00 00
0x00007fe6aa24f19b:   00 49 39 84 24 b0 00 00 00 76 16 49 8b 84 24 c8
0x00007fe6aa24f1ab:   00 00 00 49 39 84 24 c0 00 00 00 0f 82 84 00 00
0x00007fe6aa24f1bb:   00 48 83 c4 08 4c 89 e7 5b 41 5c 41 5d 41 5e 41
0x00007fe6aa24f1cb:   5f 5d e9 9e fd ff ff 66 0f 1f 44 00 00 48 8d 1d
0x00007fe6aa24f1db:   cd 07 b2 00 80 3b 00 74 6c 48 8d 05 a5 36 af 00
0x00007fe6aa24f1eb:   45 8b 75 08 8b 48 08 49 d3 e6 4c 03 30 41 81 7e
0x00007fe6aa24f1fb:   08 00 00 00 c0 7c 5c 4d 8b bc 24 88 00 00 00 4c
0x00007fe6aa24f20b:   89 f6 4c 89 ef e8 bb a6 ea ff 49 63 4e 0c 4c 89
0x00007fe6aa24f21b:   f2 4c 89 ee 89 c3 48 8d 05 38 ee b1 00 4c 89 ff
0x00007fe6aa24f22b:   ff 14 c8 48 63 c3 49 03 84 24 a8 00 00 00 e9 56
0x00007fe6aa24f23b:   ff ff ff 66 90 48 83 c4 08 5b 41 5c 41 5d 41 5e
0x00007fe6aa24f24b:   41 5f 5d c3 90 4d 8b 75 08 41 81 7e 08 00 00 00
0x00007fe6aa24f25b:   c0 7d a4 4c 89 f6 4c 89 ef e8 67 a6 ea ff 48 98
0x00007fe6aa24f26b:   48 3d ff 0f 00 00 77 2d 80 3b 00 4d 8b bc 24 88
0x00007fe6aa24f27b:   00 00 00 74 3a 48 8d 15 09 36 af 00 41 8b 45 08
0x00007fe6aa24f28b:   8b 4a 08 48 d3 e0 48 03 02 49 89 c6 e9 6e ff ff
0x00007fe6aa24f29b:   ff 0f 1f 40 00 49 8d 7c 24 08 4c 89 ee e8 63 9a
0x00007fe6aa24f2ab:   00 00 49 03 84 24 a8 00 00 00 e9 da fe ff ff 4d
0x00007fe6aa24f2bb:   8b 75 08 e9 47 ff ff ff 90 66 66 2e 0f 1f 84 00
0x00007fe6aa24f2cb:   00 00 00 00 90 f3 0f 1e fa 48 8b 87 a8 00 00 00
0x00007fe6aa24f2db:   48 05 00 30 00 00 66 48 0f 6e c0 48 8b 87 c0 00
0x00007fe6aa24f2eb:   00 00 66 0f 6c c0 48 05 00 04 00 00 0f 11 87 b0
0x00007fe6aa24f2fb:   00 00 00 66 48 0f 6e c0 66 0f 6c c0 0f 11 87 c8
0x00007fe6aa24f30b:   00 00 00 c3 90 f3 0f 1e fa 48 8b 87 b8 00 00 00
0x00007fe6aa24f31b:   48 2d 00 24 00 00 48 89 87 b0 00 00 00 48 8b 87 


Stack slot to memory mapping:
stack at sp + 0 slots: 0x0000000000000007 is an unknown value
stack at sp + 1 slots: 0x00007fe6a406a380 points into unknown readable memory: 0x00007fe6aac698c8 | c8 98 c6 aa e6 7f 00 00
stack at sp + 2 slots: 0x0000000000004800 is an unknown value
stack at sp + 3 slots: 0x00000000808b5af8 points into unknown readable memory: 0x0000000000000075 | 75 00 00 00 00 00 00 00
stack at sp + 4 slots: 0x00007fe6a4059bf8 points into unknown readable memory: 0x0000000080000000 | 00 00 00 80 00 00 00 00
stack at sp + 5 slots: 0x0000000000116b5f is an unknown value
stack at sp + 6 slots: 0x00007fe6a81f2ce0 points into unknown readable memory: 0x00007fe6a81f2d60 | 60 2d 1f a8 e6 7f 00 00
stack at sp + 7 slots: 0x00007fe6aa2527bc: <offset 0x00000000007647bc> in /usr/lib/jvm/java-11-openjdk-amd64/lib/server/libjvm.so at 0x00007fe6a9aee000


---------------  P R O C E S S  ---------------

Threads class SMR info:
_java_thread_list=0x00007fe628af53f0, length=37, elements={
0x00007fe6a4016000, 0x00007fe6a4143000, 0x00007fe6a4145000, 0x00007fe6a414a800,
0x00007fe6a414c800, 0x00007fe6a414e800, 0x00007fe6a4150800, 0x00007fe6a4152800,
0x00007fe6a4189800, 0x00007fe6a52fc800, 0x00007fe6a536e800, 0x00007fe6a53a4800,
0x00007fe634017800, 0x00007fe62c003800, 0x00007fe62c007000, 0x00007fe62c009000,
0x00007fe62800c800, 0x00007fe628037000, 0x00007fe628049800, 0x00007fe628143800,
0x00007fe628161000, 0x00007fe628244800, 0x00007fe62851c800, 0x00007fe628520800,
0x00007fe6285de800, 0x00007fe60c001800, 0x00007fe6285f1000, 0x00007fe628603000,
0x00007fe628650000, 0x00007fe628669000, 0x00007fe6286ee800, 0x00007fe628926000,
0x00007fe62893e000, 0x00007fe628a2c800, 0x00007fe628a31800, 0x00007fe628a6e000,
0x00007fe628af4000
}

Java Threads: ( => current thread )
  0x00007fe6a4016000 JavaThread "main" [_thread_blocked, id=5844, stack(0x00007fe6a96bd000,0x00007fe6a97bd000)]
  0x00007fe6a4143000 JavaThread "Reference Handler" daemon [_thread_blocked, id=5860, stack(0x00007fe678ef5000,0x00007fe678ff5000)]
  0x00007fe6a4145000 JavaThread "Finalizer" daemon [_thread_blocked, id=5861, stack(0x00007fe678df5000,0x00007fe678ef5000)]
  0x00007fe6a414a800 JavaThread "Signal Dispatcher" daemon [_thread_blocked, id=5864, stack(0x00007fe663f00000,0x00007fe664000000)]
  0x00007fe6a414c800 JavaThread "Service Thread" daemon [_thread_blocked, id=5865, stack(0x00007fe663e00000,0x00007fe663f00000)]
  0x00007fe6a414e800 JavaThread "C2 CompilerThread0" daemon [_thread_blocked, id=5866, stack(0x00007fe663d00000,0x00007fe663e00000)]
  0x00007fe6a4150800 JavaThread "C1 CompilerThread0" daemon [_thread_blocked, id=5867, stack(0x00007fe663c00000,0x00007fe663d00000)]
  0x00007fe6a4152800 JavaThread "Sweeper thread" daemon [_thread_blocked, id=5871, stack(0x00007fe663b00000,0x00007fe663c00000)]
  0x00007fe6a4189800 JavaThread "Common-Cleaner" daemon [_thread_blocked, id=5881, stack(0x00007fe663a00000,0x00007fe663b00000)]
  0x00007fe6a52fc800 JavaThread "Daemon health stats" [_thread_blocked, id=5889, stack(0x00007fe663100000,0x00007fe663200000)]
  0x00007fe6a536e800 JavaThread "Incoming local TCP Connector on port 40187" [_thread_in_native, id=5891, stack(0x00007fe663000000,0x00007fe663100000)]
  0x00007fe6a53a4800 JavaThread "Daemon periodic checks" [_thread_blocked, id=5895, stack(0x00007fe662f00000,0x00007fe663000000)]
  0x00007fe634017800 JavaThread "Daemon" [_thread_blocked, id=5900, stack(0x00007fe662e00000,0x00007fe662f00000)]
  0x00007fe62c003800 JavaThread "Handler for socket connection from /127.0.0.1:40187 to /127.0.0.1:36714" [_thread_in_native, id=5902, stack(0x00007fe662d00000,0x00007fe662e00000)]
  0x00007fe62c007000 JavaThread "Cancel handler" [_thread_blocked, id=5905, stack(0x00007fe662c00000,0x00007fe662d00000)]
  0x00007fe62c009000 JavaThread "Daemon worker" [_thread_blocked, id=5906, stack(0x00007fe6629f6000,0x00007fe662af6000)]
  0x00007fe62800c800 JavaThread "Asynchronous log dispatcher for DefaultDaemonConnection: socket connection from /127.0.0.1:40187 to /127.0.0.1:36714" [_thread_blocked, id=5909, stack(0x00007fe6628f6000,0x00007fe6629f6000)]
  0x00007fe628037000 JavaThread "Stdin handler" [_thread_blocked, id=5910, stack(0x00007fe6627f6000,0x00007fe6628f6000)]
  0x00007fe628049800 JavaThread "Daemon client event forwarder" [_thread_blocked, id=5911, stack(0x00007fe6626f6000,0x00007fe6627f6000)]
  0x00007fe628143800 JavaThread "Cache worker for journal cache (/home/sushant/.gradle/caches/journal-1)" [_thread_blocked, id=5921, stack(0x00007fe662b00000,0x00007fe662c00000)]
  0x00007fe628161000 JavaThread "File lock request listener" [_thread_in_native, id=5922, stack(0x00007fe6625f6000,0x00007fe6626f6000)]
  0x00007fe628244800 JavaThread "Cache worker for file hash cache (/home/sushant/.gradle/caches/7.5.1/fileHashes)" [_thread_blocked, id=5937, stack(0x00007fe661ad8000,0x00007fe661bd8000)]
  0x00007fe62851c800 JavaThread "File watcher server" daemon [_thread_in_native, id=5941, stack(0x00007fe6617d8000,0x00007fe6618d8000)]
  0x00007fe628520800 JavaThread "File watcher consumer" daemon [_thread_blocked, id=5942, stack(0x00007fe66148a000,0x00007fe66158a000)]
  0x00007fe6285de800 JavaThread "Cache worker for checksums cache (/home/sushant/Desktop/React-Native/ratinger/android/.gradle/7.5.1/checksums)" [_thread_blocked, id=5947, stack(0x00007fe66118a000,0x00007fe66128a000)]
  0x00007fe60c001800 JavaThread "File lock release action executor" [_thread_blocked, id=5948, stack(0x00007fe66108a000,0x00007fe66118a000)]
  0x00007fe6285f1000 JavaThread "Cache worker for cache directory md-rule (/home/sushant/.gradle/caches/7.5.1/md-rule)" [_thread_blocked, id=5950, stack(0x00007fe660f8a000,0x00007fe66108a000)]
  0x00007fe628603000 JavaThread "Cache worker for file content cache (/home/sushant/.gradle/caches/7.5.1/fileContent)" [_thread_blocked, id=5952, stack(0x00007fe660e8a000,0x00007fe660f8a000)]
  0x00007fe628650000 JavaThread "Cache worker for file hash cache (/home/sushant/Desktop/React-Native/ratinger/android/.gradle/7.5.1/fileHashes)" [_thread_blocked, id=5991, stack(0x00007fe660c88000,0x00007fe660d88000)]
  0x00007fe628669000 JavaThread "Cache worker for cache directory md-supplier (/home/sushant/.gradle/caches/7.5.1/md-supplier)" [_thread_blocked, id=5993, stack(0x00007fe660b88000,0x00007fe660c88000)]
  0x00007fe6286ee800 JavaThread "Cache worker for execution history cache (/home/sushant/.gradle/caches/7.5.1/executionHistory)" [_thread_blocked, id=6050, stack(0x00007fe660888000,0x00007fe660988000)]
  0x00007fe628926000 JavaThread "jar transforms" [_thread_blocked, id=6067, stack(0x00007fe660188000,0x00007fe660288000)]
  0x00007fe62893e000 JavaThread "jar transforms Thread 2" [_thread_blocked, id=6070, stack(0x00007fe660088000,0x00007fe660188000)]
  0x00007fe628a2c800 JavaThread "jar transforms Thread 3" [_thread_blocked, id=6072, stack(0x00007fe5c3d00000,0x00007fe5c3e00000)]
  0x00007fe628a31800 JavaThread "jar transforms Thread 4" [_thread_blocked, id=6081, stack(0x00007fe5c3c00000,0x00007fe5c3d00000)]
  0x00007fe628a6e000 JavaThread "process reaper" daemon [_thread_blocked, id=6083, stack(0x00007fe68c046000,0x00007fe68c068000)]
  0x00007fe628af4000 JavaThread "Cache worker for kotlin-dsl (/home/sushant/.gradle/caches/7.5.1/kotlin-dsl)" [_thread_blocked, id=6112, stack(0x00007fe5c3900000,0x00007fe5c3a00000)]

Other Threads:
  0x00007fe6a4140000 VMThread "VM Thread" [stack: 0x00007fe678ff7000,0x00007fe6790f7000] [id=5856]
  0x00007fe6a418d000 WatcherThread [stack: 0x00007fe663900000,0x00007fe663a00000] [id=5883]
  0x00007fe6a4030000 GCTaskThread "GC Thread#0" [stack: 0x00007fe6a9385000,0x00007fe6a9485000] [id=5846]
  0x00007fe670001000 GCTaskThread "GC Thread#1" [stack: 0x00007fe663500000,0x00007fe663600000] [id=5885]
  0x00007fe67014c000 GCTaskThread "GC Thread#2" [stack: 0x00007fe6622e4000,0x00007fe6623e4000] [id=5930]
  0x00007fe67014d800 GCTaskThread "GC Thread#3" [stack: 0x00007fe6621e2000,0x00007fe6622e2000] [id=5931]
  0x00007fe67014f000 GCTaskThread "GC Thread#4" [stack: 0x00007fe6620e0000,0x00007fe6621e0000] [id=5932]
  0x00007fe670150800 GCTaskThread "GC Thread#5" [stack: 0x00007fe661fde000,0x00007fe6620de000] [id=5933]
  0x00007fe670152800 GCTaskThread "GC Thread#6" [stack: 0x00007fe661edc000,0x00007fe661fdc000] [id=5934]
  0x00007fe670154000 GCTaskThread "GC Thread#7" [stack: 0x00007fe661dda000,0x00007fe661eda000] [id=5935]
  0x00007fe6a4062800 ConcurrentGCThread "G1 Main Marker" [stack: 0x00007fe6a81f6000,0x00007fe6a82f6000] [id=5847]
=>0x00007fe6a4064800 ConcurrentGCThread "G1 Conc#0" [stack: 0x00007fe6a80f4000,0x00007fe6a81f4000] [id=5848]
  0x00007fe67c001000 ConcurrentGCThread "G1 Conc#1" [stack: 0x00007fe660d8a000,0x00007fe660e8a000] [id=5989]
  0x00007fe6a40ec000 ConcurrentGCThread "G1 Refine#0" [stack: 0x00007fe6799fb000,0x00007fe679afb000] [id=5850]
  0x00007fe6a40ee000 ConcurrentGCThread "G1 Young RemSet Sampling" [stack: 0x00007fe6798f9000,0x00007fe6799f9000] [id=5851]

Threads with active compile tasks:

VM state:not at safepoint (normal execution)

VM Mutex/Monitor currently owned by a thread: None

Heap address: 0x0000000080000000, size: 2048 MB, Compressed Oops mode: 32-bit
Narrow klass base: 0x0000000800000000, Narrow klass shift: 3
Compressed class space size: 528482304 Address: 0x0000000840000000

Heap:
 garbage-first heap   total 191488K, used 31585K [0x0000000080000000, 0x0000000100000000)
  region size 1024K, 12 young (12288K), 10 survivors (10240K)
 Metaspace       used 34731K, capacity 35907K, committed 36096K, reserved 548864K
  class space    used 4661K, capacity 5119K, committed 5120K, reserved 516096K
Heap Regions: E=young(eden), S=young(survivor), O=old, HS=humongous(starts), HC=humongous(continues), CS=collection set, F=free, A=archive, TAMS=top-at-mark-start (previous, next)
|   0|0x0000000080000000, 0x0000000080100000, 0x0000000080100000|100%| O|  |TAMS 0x0000000080100000, 0x0000000080100000| Untracked 
|   1|0x0000000080100000, 0x0000000080200000, 0x0000000080200000|100%| O|  |TAMS 0x0000000080200000, 0x0000000080200000| Untracked 
|   2|0x0000000080200000, 0x0000000080300000, 0x0000000080300000|100%| O|  |TAMS 0x0000000080300000, 0x0000000080300000| Untracked 
|   3|0x0000000080300000, 0x0000000080400000, 0x0000000080400000|100%|HS|  |TAMS 0x0000000080400000, 0x0000000080400000| Complete 
|   4|0x0000000080400000, 0x0000000080500000, 0x0000000080500000|100%|HC|  |TAMS 0x0000000080500000, 0x0000000080500000| Complete 
|   5|0x0000000080500000, 0x0000000080600000, 0x0000000080600000|100%|HC|  |TAMS 0x0000000080600000, 0x0000000080600000| Complete 
|   6|0x0000000080600000, 0x0000000080700000, 0x0000000080700000|100%| O|  |TAMS 0x0000000080700000, 0x0000000080700000| Untracked 
|   7|0x0000000080700000, 0x0000000080800000, 0x0000000080800000|100%| O|  |TAMS 0x0000000080800000, 0x0000000080800000| Untracked 
|   8|0x0000000080800000, 0x0000000080900000, 0x0000000080900000|100%| O|  |TAMS 0x0000000080900000, 0x0000000080900000| Untracked 
|   9|0x0000000080900000, 0x0000000080a00000, 0x0000000080a00000|100%| O|  |TAMS 0x0000000080a00000, 0x0000000080a00000| Untracked 
|  10|0x0000000080a00000, 0x0000000080b00000, 0x0000000080b00000|100%| O|  |TAMS 0x0000000080b00000, 0x0000000080b00000| Untracked 
|  11|0x0000000080b00000, 0x0000000080c00000, 0x0000000080c00000|100%| O|  |TAMS 0x0000000080c00000, 0x0000000080c00000| Untracked 
|  12|0x0000000080c00000, 0x0000000080d00000, 0x0000000080d00000|100%| O|  |TAMS 0x0000000080d00000, 0x0000000080d00000| Untracked 
|  13|0x0000000080d00000, 0x0000000080e00000, 0x0000000080e00000|100%| O|  |TAMS 0x0000000080e00000, 0x0000000080e00000| Untracked 
|  14|0x0000000080e00000, 0x0000000080f00000, 0x0000000080f00000|100%| O|  |TAMS 0x0000000080f00000, 0x0000000080f00000| Untracked 
|  15|0x0000000080f00000, 0x0000000081000000, 0x0000000081000000|100%| O|  |TAMS 0x0000000080f4fa00, 0x0000000081000000| Untracked 
|  16|0x0000000081000000, 0x0000000081000000, 0x0000000081100000|  0%| F|  |TAMS 0x0000000081000000, 0x0000000081000000| Untracked 
|  17|0x0000000081100000, 0x0000000081100000, 0x0000000081200000|  0%| F|  |TAMS 0x0000000081100000, 0x0000000081100000| Untracked 
|  18|0x0000000081200000, 0x0000000081200000, 0x0000000081300000|  0%| F|  |TAMS 0x0000000081200000, 0x0000000081200000| Untracked 
|  19|0x0000000081300000, 0x0000000081400000, 0x0000000081400000|100%|HS|  |TAMS 0x0000000081300000, 0x0000000081400000| Complete 
|  20|0x0000000081400000, 0x0000000081500000, 0x0000000081500000|100%| O|  |TAMS 0x0000000081400000, 0x0000000081500000| Untracked 
|  21|0x0000000081500000, 0x0000000081600000, 0x0000000081600000|100%| O|  |TAMS 0x0000000081500000, 0x0000000081600000| Untracked 
|  22|0x0000000081600000, 0x000000008165e000, 0x0000000081700000| 36%| O|  |TAMS 0x0000000081600000, 0x000000008165e000| Untracked 
|  23|0x0000000081700000, 0x0000000081700000, 0x0000000081800000|  0%| F|  |TAMS 0x0000000081700000, 0x0000000081700000| Untracked 
|  24|0x0000000081800000, 0x0000000081800000, 0x0000000081900000|  0%| F|  |TAMS 0x0000000081800000, 0x0000000081800000| Untracked 
|  25|0x0000000081900000, 0x0000000081900000, 0x0000000081a00000|  0%| F|  |TAMS 0x0000000081900000, 0x0000000081900000| Untracked 
|  26|0x0000000081a00000, 0x0000000081a00000, 0x0000000081b00000|  0%| F|  |TAMS 0x0000000081a00000, 0x0000000081a00000| Untracked 
|  27|0x0000000081b00000, 0x0000000081b00000, 0x0000000081c00000|  0%| F|  |TAMS 0x0000000081b00000, 0x0000000081b00000| Untracked 
|  28|0x0000000081c00000, 0x0000000081c00000, 0x0000000081d00000|  0%| F|  |TAMS 0x0000000081c00000, 0x0000000081c00000| Untracked 
|  29|0x0000000081d00000, 0x0000000081d00000, 0x0000000081e00000|  0%| F|  |TAMS 0x0000000081d00000, 0x0000000081d00000| Untracked 
|  30|0x0000000081e00000, 0x0000000081e00000, 0x0000000081f00000|  0%| F|  |TAMS 0x0000000081e00000, 0x0000000081e00000| Untracked 
|  31|0x0000000081f00000, 0x0000000081f00000, 0x0000000082000000|  0%| F|  |TAMS 0x0000000081f00000, 0x0000000081f00000| Untracked 
|  32|0x0000000082000000, 0x0000000082000000, 0x0000000082100000|  0%| F|  |TAMS 0x0000000082000000, 0x0000000082000000| Untracked 
|  33|0x0000000082100000, 0x0000000082100000, 0x0000000082200000|  0%| F|  |TAMS 0x0000000082100000, 0x0000000082100000| Untracked 
|  34|0x0000000082200000, 0x0000000082200000, 0x0000000082300000|  0%| F|  |TAMS 0x0000000082200000, 0x0000000082200000| Untracked 
|  35|0x0000000082300000, 0x0000000082300000, 0x0000000082400000|  0%| F|  |TAMS 0x0000000082300000, 0x0000000082300000| Untracked 
|  36|0x0000000082400000, 0x0000000082400000, 0x0000000082500000|  0%| F|  |TAMS 0x0000000082400000, 0x0000000082400000| Untracked 
|  37|0x0000000082500000, 0x0000000082500000, 0x0000000082600000|  0%| F|  |TAMS 0x0000000082500000, 0x0000000082500000| Untracked 
|  38|0x0000000082600000, 0x0000000082600000, 0x0000000082700000|  0%| F|  |TAMS 0x0000000082600000, 0x0000000082600000| Untracked 
|  39|0x0000000082700000, 0x0000000082700000, 0x0000000082800000|  0%| F|  |TAMS 0x0000000082700000, 0x0000000082700000| Untracked 
|  40|0x0000000082800000, 0x0000000082800000, 0x0000000082900000|  0%| F|  |TAMS 0x0000000082800000, 0x0000000082800000| Untracked 
|  41|0x0000000082900000, 0x0000000082900000, 0x0000000082a00000|  0%| F|  |TAMS 0x0000000082900000, 0x0000000082900000| Untracked 
|  42|0x0000000082a00000, 0x0000000082a00000, 0x0000000082b00000|  0%| F|  |TAMS 0x0000000082a00000, 0x0000000082a00000| Untracked 
|  43|0x0000000082b00000, 0x0000000082b00000, 0x0000000082c00000|  0%| F|  |TAMS 0x0000000082b00000, 0x0000000082b00000| Untracked 
|  44|0x0000000082c00000, 0x0000000082c00000, 0x0000000082d00000|  0%| F|  |TAMS 0x0000000082c00000, 0x0000000082c00000| Untracked 
|  45|0x0000000082d00000, 0x0000000082d00000, 0x0000000082e00000|  0%| F|  |TAMS 0x0000000082d00000, 0x0000000082d00000| Untracked 
|  46|0x0000000082e00000, 0x0000000082e00000, 0x0000000082f00000|  0%| F|  |TAMS 0x0000000082e00000, 0x0000000082e00000| Untracked 
|  47|0x0000000082f00000, 0x0000000082f00000, 0x0000000083000000|  0%| F|  |TAMS 0x0000000082f00000, 0x0000000082f00000| Untracked 
|  48|0x0000000083000000, 0x0000000083000000, 0x0000000083100000|  0%| F|  |TAMS 0x0000000083000000, 0x0000000083000000| Untracked 
|  49|0x0000000083100000, 0x0000000083100000, 0x0000000083200000|  0%| F|  |TAMS 0x0000000083100000, 0x0000000083100000| Untracked 
|  50|0x0000000083200000, 0x0000000083200000, 0x0000000083300000|  0%| F|  |TAMS 0x0000000083200000, 0x0000000083200000| Untracked 
|  51|0x0000000083300000, 0x0000000083300000, 0x0000000083400000|  0%| F|  |TAMS 0x0000000083300000, 0x0000000083300000| Untracked 
|  52|0x0000000083400000, 0x0000000083400000, 0x0000000083500000|  0%| F|  |TAMS 0x0000000083400000, 0x0000000083400000| Untracked 
|  53|0x0000000083500000, 0x0000000083500000, 0x0000000083600000|  0%| F|  |TAMS 0x0000000083500000, 0x0000000083500000| Untracked 
|  54|0x0000000083600000, 0x0000000083600000, 0x0000000083700000|  0%| F|  |TAMS 0x0000000083600000, 0x0000000083600000| Untracked 
|  55|0x0000000083700000, 0x0000000083700000, 0x0000000083800000|  0%| F|  |TAMS 0x0000000083700000, 0x0000000083700000| Untracked 
|  56|0x0000000083800000, 0x0000000083800000, 0x0000000083900000|  0%| F|  |TAMS 0x0000000083800000, 0x0000000083800000| Untracked 
|  57|0x0000000083900000, 0x0000000083900000, 0x0000000083a00000|  0%| F|  |TAMS 0x0000000083900000, 0x0000000083900000| Untracked 
|  58|0x0000000083a00000, 0x0000000083a00000, 0x0000000083b00000|  0%| F|  |TAMS 0x0000000083a00000, 0x0000000083a00000| Untracked 
|  59|0x0000000083b00000, 0x0000000083b00000, 0x0000000083c00000|  0%| F|  |TAMS 0x0000000083b00000, 0x0000000083b00000| Untracked 
|  60|0x0000000083c00000, 0x0000000083c00000, 0x0000000083d00000|  0%| F|  |TAMS 0x0000000083c00000, 0x0000000083c00000| Untracked 
|  61|0x0000000083d00000, 0x0000000083d00000, 0x0000000083e00000|  0%| F|  |TAMS 0x0000000083d00000, 0x0000000083d00000| Untracked 
|  62|0x0000000083e00000, 0x0000000083e00000, 0x0000000083f00000|  0%| F|  |TAMS 0x0000000083e00000, 0x0000000083e00000| Untracked 
|  63|0x0000000083f00000, 0x0000000083f00000, 0x0000000084000000|  0%| F|  |TAMS 0x0000000083f00000, 0x0000000083f00000| Untracked 
|  64|0x0000000084000000, 0x0000000084000000, 0x0000000084100000|  0%| F|  |TAMS 0x0000000084000000, 0x0000000084000000| Untracked 
|  65|0x0000000084100000, 0x0000000084100000, 0x0000000084200000|  0%| F|  |TAMS 0x0000000084100000, 0x0000000084100000| Untracked 
|  66|0x0000000084200000, 0x0000000084200000, 0x0000000084300000|  0%| F|  |TAMS 0x0000000084200000, 0x0000000084200000| Untracked 
|  67|0x0000000084300000, 0x0000000084300000, 0x0000000084400000|  0%| F|  |TAMS 0x0000000084300000, 0x0000000084300000| Untracked 
|  68|0x0000000084400000, 0x0000000084400000, 0x0000000084500000|  0%| F|  |TAMS 0x0000000084400000, 0x0000000084400000| Untracked 
|  69|0x0000000084500000, 0x0000000084500000, 0x0000000084600000|  0%| F|  |TAMS 0x0000000084500000, 0x0000000084500000| Untracked 
|  70|0x0000000084600000, 0x0000000084600000, 0x0000000084700000|  0%| F|  |TAMS 0x0000000084600000, 0x0000000084600000| Untracked 
|  71|0x0000000084700000, 0x0000000084700000, 0x0000000084800000|  0%| F|  |TAMS 0x0000000084700000, 0x0000000084700000| Untracked 
|  72|0x0000000084800000, 0x0000000084800000, 0x0000000084900000|  0%| F|  |TAMS 0x0000000084800000, 0x0000000084800000| Untracked 
|  73|0x0000000084900000, 0x0000000084900000, 0x0000000084a00000|  0%| F|  |TAMS 0x0000000084900000, 0x0000000084900000| Untracked 
|  74|0x0000000084a00000, 0x0000000084a00000, 0x0000000084b00000|  0%| F|  |TAMS 0x0000000084a00000, 0x0000000084a00000| Untracked 
|  75|0x0000000084b00000, 0x0000000084b00000, 0x0000000084c00000|  0%| F|  |TAMS 0x0000000084b00000, 0x0000000084b00000| Untracked 
|  76|0x0000000084c00000, 0x0000000084c00000, 0x0000000084d00000|  0%| F|  |TAMS 0x0000000084c00000, 0x0000000084c00000| Untracked 
|  77|0x0000000084d00000, 0x0000000084d00000, 0x0000000084e00000|  0%| F|  |TAMS 0x0000000084d00000, 0x0000000084d00000| Untracked 
|  78|0x0000000084e00000, 0x0000000084e00000, 0x0000000084f00000|  0%| F|  |TAMS 0x0000000084e00000, 0x0000000084e00000| Untracked 
|  79|0x0000000084f00000, 0x0000000084f00000, 0x0000000085000000|  0%| F|  |TAMS 0x0000000084f00000, 0x0000000084f00000| Untracked 
|  80|0x0000000085000000, 0x0000000085000000, 0x0000000085100000|  0%| F|  |TAMS 0x0000000085000000, 0x0000000085000000| Untracked 
|  81|0x0000000085100000, 0x0000000085100000, 0x0000000085200000|  0%| F|  |TAMS 0x0000000085100000, 0x0000000085100000| Untracked 
|  82|0x0000000085200000, 0x0000000085200000, 0x0000000085300000|  0%| F|  |TAMS 0x0000000085200000, 0x0000000085200000| Untracked 
|  83|0x0000000085300000, 0x0000000085300000, 0x0000000085400000|  0%| F|  |TAMS 0x0000000085300000, 0x0000000085300000| Untracked 
|  84|0x0000000085400000, 0x0000000085400000, 0x0000000085500000|  0%| F|  |TAMS 0x0000000085400000, 0x0000000085400000| Untracked 
|  85|0x0000000085500000, 0x0000000085500000, 0x0000000085600000|  0%| F|  |TAMS 0x0000000085500000, 0x0000000085500000| Untracked 
|  86|0x0000000085600000, 0x0000000085600000, 0x0000000085700000|  0%| F|  |TAMS 0x0000000085600000, 0x0000000085600000| Untracked 
|  87|0x0000000085700000, 0x0000000085700000, 0x0000000085800000|  0%| F|  |TAMS 0x0000000085700000, 0x0000000085700000| Untracked 
|  88|0x0000000085800000, 0x0000000085800000, 0x0000000085900000|  0%| F|  |TAMS 0x0000000085800000, 0x0000000085800000| Untracked 
|  89|0x0000000085900000, 0x0000000085900000, 0x0000000085a00000|  0%| F|  |TAMS 0x0000000085900000, 0x0000000085900000| Untracked 
|  90|0x0000000085a00000, 0x0000000085a00000, 0x0000000085b00000|  0%| F|  |TAMS 0x0000000085a00000, 0x0000000085a00000| Untracked 
|  91|0x0000000085b00000, 0x0000000085b00000, 0x0000000085c00000|  0%| F|  |TAMS 0x0000000085b00000, 0x0000000085b00000| Untracked 
|  92|0x0000000085c00000, 0x0000000085c00000, 0x0000000085d00000|  0%| F|  |TAMS 0x0000000085c00000, 0x0000000085c00000| Untracked 
|  93|0x0000000085d00000, 0x0000000085d00000, 0x0000000085e00000|  0%| F|  |TAMS 0x0000000085d00000, 0x0000000085d00000| Untracked 
|  94|0x0000000085e00000, 0x0000000085e00000, 0x0000000085f00000|  0%| F|  |TAMS 0x0000000085e00000, 0x0000000085e00000| Untracked 
|  95|0x0000000085f00000, 0x0000000085f00000, 0x0000000086000000|  0%| F|  |TAMS 0x0000000085f00000, 0x0000000085f00000| Untracked 
|  96|0x0000000086000000, 0x00000000860c7790, 0x0000000086100000| 77%| S|CS|TAMS 0x0000000086000000, 0x0000000086000000| Complete 
|  97|0x0000000086100000, 0x0000000086200000, 0x0000000086200000|100%| S|CS|TAMS 0x0000000086100000, 0x0000000086100000| Complete 
|  98|0x0000000086200000, 0x0000000086300000, 0x0000000086300000|100%| S|CS|TAMS 0x0000000086200000, 0x0000000086200000| Complete 
|  99|0x0000000086300000, 0x0000000086400000, 0x0000000086400000|100%| S|CS|TAMS 0x0000000086300000, 0x0000000086300000| Complete 
| 100|0x0000000086400000, 0x0000000086500000, 0x0000000086500000|100%| S|CS|TAMS 0x0000000086400000, 0x0000000086400000| Complete 
| 101|0x0000000086500000, 0x0000000086600000, 0x0000000086600000|100%| S|CS|TAMS 0x0000000086500000, 0x0000000086500000| Complete 
| 102|0x0000000086600000, 0x0000000086700000, 0x0000000086700000|100%| S|CS|TAMS 0x0000000086600000, 0x0000000086600000| Complete 
| 103|0x0000000086700000, 0x0000000086800000, 0x0000000086800000|100%| S|CS|TAMS 0x0000000086700000, 0x0000000086700000| Complete 
| 104|0x0000000086800000, 0x0000000086900000, 0x0000000086900000|100%| S|CS|TAMS 0x0000000086800000, 0x0000000086800000| Complete 
| 105|0x0000000086900000, 0x0000000086a00000, 0x0000000086a00000|100%| S|CS|TAMS 0x0000000086900000, 0x0000000086900000| Complete 
| 106|0x0000000086a00000, 0x0000000086a00000, 0x0000000086b00000|  0%| F|  |TAMS 0x0000000086a00000, 0x0000000086a00000| Untracked 
| 107|0x0000000086b00000, 0x0000000086b00000, 0x0000000086c00000|  0%| F|  |TAMS 0x0000000086b00000, 0x0000000086b00000| Untracked 
| 108|0x0000000086c00000, 0x0000000086c00000, 0x0000000086d00000|  0%| F|  |TAMS 0x0000000086c00000, 0x0000000086c00000| Untracked 
| 109|0x0000000086d00000, 0x0000000086d00000, 0x0000000086e00000|  0%| F|  |TAMS 0x0000000086d00000, 0x0000000086d00000| Untracked 
| 110|0x0000000086e00000, 0x0000000086e00000, 0x0000000086f00000|  0%| F|  |TAMS 0x0000000086e00000, 0x0000000086e00000| Untracked 
| 111|0x0000000086f00000, 0x0000000086f00000, 0x0000000087000000|  0%| F|  |TAMS 0x0000000086f00000, 0x0000000086f00000| Untracked 
| 112|0x0000000087000000, 0x0000000087000000, 0x0000000087100000|  0%| F|  |TAMS 0x0000000087000000, 0x0000000087000000| Untracked 
| 113|0x0000000087100000, 0x0000000087100000, 0x0000000087200000|  0%| F|  |TAMS 0x0000000087100000, 0x0000000087100000| Untracked 
| 114|0x0000000087200000, 0x0000000087200000, 0x0000000087300000|  0%| F|  |TAMS 0x0000000087200000, 0x0000000087200000| Untracked 
| 115|0x0000000087300000, 0x0000000087300000, 0x0000000087400000|  0%| F|  |TAMS 0x0000000087300000, 0x0000000087300000| Untracked 
| 116|0x0000000087400000, 0x0000000087400000, 0x0000000087500000|  0%| F|  |TAMS 0x0000000087400000, 0x0000000087400000| Untracked 
| 117|0x0000000087500000, 0x0000000087500000, 0x0000000087600000|  0%| F|  |TAMS 0x0000000087500000, 0x0000000087500000| Untracked 
| 118|0x0000000087600000, 0x0000000087600000, 0x0000000087700000|  0%| F|  |TAMS 0x0000000087600000, 0x0000000087600000| Untracked 
| 119|0x0000000087700000, 0x0000000087700000, 0x0000000087800000|  0%| F|  |TAMS 0x0000000087700000, 0x0000000087700000| Untracked 
| 120|0x0000000087800000, 0x0000000087800000, 0x0000000087900000|  0%| F|  |TAMS 0x0000000087800000, 0x0000000087800000| Untracked 
| 121|0x0000000087900000, 0x0000000087900000, 0x0000000087a00000|  0%| F|  |TAMS 0x0000000087900000, 0x0000000087900000| Untracked 
| 122|0x0000000087a00000, 0x0000000087a00000, 0x0000000087b00000|  0%| F|  |TAMS 0x0000000087a00000, 0x0000000087a00000| Untracked 
| 123|0x0000000087b00000, 0x0000000087b00000, 0x0000000087c00000|  0%| F|  |TAMS 0x0000000087b00000, 0x0000000087b00000| Untracked 
| 124|0x0000000087c00000, 0x0000000087c00000, 0x0000000087d00000|  0%| F|  |TAMS 0x0000000087c00000, 0x0000000087c00000| Untracked 
| 125|0x0000000087d00000, 0x0000000087d00000, 0x0000000087e00000|  0%| F|  |TAMS 0x0000000087d00000, 0x0000000087d00000| Untracked 
| 126|0x0000000087e00000, 0x0000000087e00000, 0x0000000087f00000|  0%| F|  |TAMS 0x0000000087e00000, 0x0000000087e00000| Untracked 
| 127|0x0000000087f00000, 0x0000000087f00000, 0x0000000088000000|  0%| F|  |TAMS 0x0000000087f00000, 0x0000000087f00000| Untracked 
| 128|0x0000000088000000, 0x0000000088000000, 0x0000000088100000|  0%| F|  |TAMS 0x0000000088000000, 0x0000000088000000| Untracked 
| 129|0x0000000088100000, 0x0000000088100000, 0x0000000088200000|  0%| F|  |TAMS 0x0000000088100000, 0x0000000088100000| Untracked 
| 130|0x0000000088200000, 0x0000000088200000, 0x0000000088300000|  0%| F|  |TAMS 0x0000000088200000, 0x0000000088200000| Untracked 
| 131|0x0000000088300000, 0x0000000088300000, 0x0000000088400000|  0%| F|  |TAMS 0x0000000088300000, 0x0000000088300000| Untracked 
| 132|0x0000000088400000, 0x0000000088400000, 0x0000000088500000|  0%| F|  |TAMS 0x0000000088400000, 0x0000000088400000| Untracked 
| 133|0x0000000088500000, 0x0000000088500000, 0x0000000088600000|  0%| F|  |TAMS 0x0000000088500000, 0x0000000088500000| Untracked 
| 134|0x0000000088600000, 0x0000000088600000, 0x0000000088700000|  0%| F|  |TAMS 0x0000000088600000, 0x0000000088600000| Untracked 
| 135|0x0000000088700000, 0x0000000088700000, 0x0000000088800000|  0%| F|  |TAMS 0x0000000088700000, 0x0000000088700000| Untracked 
| 136|0x0000000088800000, 0x0000000088800000, 0x0000000088900000|  0%| F|  |TAMS 0x0000000088800000, 0x0000000088800000| Untracked 
| 137|0x0000000088900000, 0x0000000088900000, 0x0000000088a00000|  0%| F|  |TAMS 0x0000000088900000, 0x0000000088900000| Untracked 
| 138|0x0000000088a00000, 0x0000000088a00000, 0x0000000088b00000|  0%| F|  |TAMS 0x0000000088a00000, 0x0000000088a00000| Untracked 
| 139|0x0000000088b00000, 0x0000000088b00000, 0x0000000088c00000|  0%| F|  |TAMS 0x0000000088b00000, 0x0000000088b00000| Untracked 
| 140|0x0000000088c00000, 0x0000000088c00000, 0x0000000088d00000|  0%| F|  |TAMS 0x0000000088c00000, 0x0000000088c00000| Untracked 
| 141|0x0000000088d00000, 0x0000000088d00000, 0x0000000088e00000|  0%| F|  |TAMS 0x0000000088d00000, 0x0000000088d00000| Untracked 
| 142|0x0000000088e00000, 0x0000000088e00000, 0x0000000088f00000|  0%| F|  |TAMS 0x0000000088e00000, 0x0000000088e00000| Untracked 
| 143|0x0000000088f00000, 0x0000000088f00000, 0x0000000089000000|  0%| F|  |TAMS 0x0000000088f00000, 0x0000000088f00000| Untracked 
| 144|0x0000000089000000, 0x0000000089000000, 0x0000000089100000|  0%| F|  |TAMS 0x0000000089000000, 0x0000000089000000| Untracked 
| 145|0x0000000089100000, 0x0000000089100000, 0x0000000089200000|  0%| F|  |TAMS 0x0000000089100000, 0x0000000089100000| Untracked 
| 146|0x0000000089200000, 0x0000000089200000, 0x0000000089300000|  0%| F|  |TAMS 0x0000000089200000, 0x0000000089200000| Untracked 
| 147|0x0000000089300000, 0x0000000089300000, 0x0000000089400000|  0%| F|  |TAMS 0x0000000089300000, 0x0000000089300000| Untracked 
| 148|0x0000000089400000, 0x0000000089400000, 0x0000000089500000|  0%| F|  |TAMS 0x0000000089400000, 0x0000000089400000| Untracked 
| 149|0x0000000089500000, 0x0000000089500000, 0x0000000089600000|  0%| F|  |TAMS 0x0000000089500000, 0x0000000089500000| Untracked 
| 150|0x0000000089600000, 0x0000000089600000, 0x0000000089700000|  0%| F|  |TAMS 0x0000000089600000, 0x0000000089600000| Untracked 
| 151|0x0000000089700000, 0x0000000089700000, 0x0000000089800000|  0%| F|  |TAMS 0x0000000089700000, 0x0000000089700000| Untracked 
| 152|0x0000000089800000, 0x0000000089800000, 0x0000000089900000|  0%| F|  |TAMS 0x0000000089800000, 0x0000000089800000| Untracked 
| 153|0x0000000089900000, 0x0000000089900000, 0x0000000089a00000|  0%| F|  |TAMS 0x0000000089900000, 0x0000000089900000| Untracked 
| 154|0x0000000089a00000, 0x0000000089a00000, 0x0000000089b00000|  0%| F|  |TAMS 0x0000000089a00000, 0x0000000089a00000| Untracked 
| 155|0x0000000089b00000, 0x0000000089b00000, 0x0000000089c00000|  0%| F|  |TAMS 0x0000000089b00000, 0x0000000089b00000| Untracked 
| 156|0x0000000089c00000, 0x0000000089c00000, 0x0000000089d00000|  0%| F|  |TAMS 0x0000000089c00000, 0x0000000089c00000| Untracked 
| 157|0x0000000089d00000, 0x0000000089d00000, 0x0000000089e00000|  0%| F|  |TAMS 0x0000000089d00000, 0x0000000089d00000| Untracked 
| 158|0x0000000089e00000, 0x0000000089e00000, 0x0000000089f00000|  0%| F|  |TAMS 0x0000000089e00000, 0x0000000089e00000| Untracked 
| 159|0x0000000089f00000, 0x0000000089f00000, 0x000000008a000000|  0%| F|  |TAMS 0x0000000089f00000, 0x0000000089f00000| Untracked 
| 160|0x000000008a000000, 0x000000008a000000, 0x000000008a100000|  0%| F|  |TAMS 0x000000008a000000, 0x000000008a000000| Untracked 
| 161|0x000000008a100000, 0x000000008a100000, 0x000000008a200000|  0%| F|  |TAMS 0x000000008a100000, 0x000000008a100000| Untracked 
| 162|0x000000008a200000, 0x000000008a200000, 0x000000008a300000|  0%| F|  |TAMS 0x000000008a200000, 0x000000008a200000| Untracked 
| 163|0x000000008a300000, 0x000000008a300000, 0x000000008a400000|  0%| F|  |TAMS 0x000000008a300000, 0x000000008a300000| Untracked 
| 164|0x000000008a400000, 0x000000008a400000, 0x000000008a500000|  0%| F|  |TAMS 0x000000008a400000, 0x000000008a400000| Untracked 
| 165|0x000000008a500000, 0x000000008a500000, 0x000000008a600000|  0%| F|  |TAMS 0x000000008a500000, 0x000000008a500000| Untracked 
| 166|0x000000008a600000, 0x000000008a600000, 0x000000008a700000|  0%| F|  |TAMS 0x000000008a600000, 0x000000008a600000| Untracked 
| 167|0x000000008a700000, 0x000000008a700000, 0x000000008a800000|  0%| F|  |TAMS 0x000000008a700000, 0x000000008a700000| Untracked 
| 168|0x000000008a800000, 0x000000008a800000, 0x000000008a900000|  0%| F|  |TAMS 0x000000008a800000, 0x000000008a800000| Untracked 
| 169|0x000000008a900000, 0x000000008a900000, 0x000000008aa00000|  0%| F|  |TAMS 0x000000008a900000, 0x000000008a900000| Untracked 
| 170|0x000000008aa00000, 0x000000008aa00000, 0x000000008ab00000|  0%| F|  |TAMS 0x000000008aa00000, 0x000000008aa00000| Untracked 
| 171|0x000000008ab00000, 0x000000008ab00000, 0x000000008ac00000|  0%| F|  |TAMS 0x000000008ab00000, 0x000000008ab00000| Untracked 
| 172|0x000000008ac00000, 0x000000008ac00000, 0x000000008ad00000|  0%| F|  |TAMS 0x000000008ac00000, 0x000000008ac00000| Untracked 
| 173|0x000000008ad00000, 0x000000008ad00000, 0x000000008ae00000|  0%| F|  |TAMS 0x000000008ad00000, 0x000000008ad00000| Untracked 
| 174|0x000000008ae00000, 0x000000008ae00000, 0x000000008af00000|  0%| F|  |TAMS 0x000000008ae00000, 0x000000008ae00000| Untracked 
| 175|0x000000008af00000, 0x000000008af00000, 0x000000008b000000|  0%| F|  |TAMS 0x000000008af00000, 0x000000008af00000| Untracked 
| 176|0x000000008b000000, 0x000000008b000000, 0x000000008b100000|  0%| F|  |TAMS 0x000000008b000000, 0x000000008b000000| Untracked 
| 177|0x000000008b100000, 0x000000008b100000, 0x000000008b200000|  0%| F|  |TAMS 0x000000008b100000, 0x000000008b100000| Untracked 
| 178|0x000000008b200000, 0x000000008b200000, 0x000000008b300000|  0%| F|  |TAMS 0x000000008b200000, 0x000000008b200000| Untracked 
| 179|0x000000008b300000, 0x000000008b300000, 0x000000008b400000|  0%| F|  |TAMS 0x000000008b300000, 0x000000008b300000| Untracked 
| 180|0x000000008b400000, 0x000000008b400000, 0x000000008b500000|  0%| F|  |TAMS 0x000000008b400000, 0x000000008b400000| Untracked 
| 181|0x000000008b500000, 0x000000008b500000, 0x000000008b600000|  0%| F|  |TAMS 0x000000008b500000, 0x000000008b500000| Untracked 
| 182|0x000000008b600000, 0x000000008b600000, 0x000000008b700000|  0%| F|  |TAMS 0x000000008b600000, 0x000000008b600000| Untracked 
| 183|0x000000008b700000, 0x000000008b720800, 0x000000008b800000| 12%| E|  |TAMS 0x000000008b700000, 0x000000008b700000| Complete 
| 184|0x000000008b800000, 0x000000008b900000, 0x000000008b900000|100%| E|CS|TAMS 0x000000008b800000, 0x000000008b800000| Complete 
|2046|0x00000000ffe00000, 0x00000000ffe48000, 0x00000000fff00000| 28%|OA|  |TAMS 0x00000000ffe48000, 0x00000000ffe48000| Untracked 
|2047|0x00000000fff00000, 0x00000000fff6b000, 0x0000000100000000| 41%|CA|  |TAMS 0x00000000fff6b000, 0x00000000fff6b000| Untracked 

Card table byte_map: [0x00007fe6a837b000,0x00007fe6a877b000] _byte_map_base: 0x00007fe6a7f7b000

Marking Bits (Prev, Next): (CMBitMap*) 0x00007fe6a4059c30, (CMBitMap*) 0x00007fe6a4059bf8
 Prev Bits: [0x00007fe684000000, 0x00007fe686000000)
 Next Bits: [0x00007fe686000000, 0x00007fe688000000)

Polling page: 0x00007fe6aaffc000

Metaspace:

Usage:
  Non-class:     30.07 MB capacity,    29.36 MB ( 98%) used,   613.87 KB (  2%) free+waste,   104.56 KB ( <1%) overhead. 
      Class:      5.00 MB capacity,     4.55 MB ( 91%) used,   404.49 KB (  8%) free+waste,    53.06 KB (  1%) overhead. 
       Both:     35.07 MB capacity,    33.92 MB ( 97%) used,  1018.36 KB (  3%) free+waste,   157.62 KB ( <1%) overhead. 

Virtual space:
  Non-class space:       32.00 MB reserved,      30.25 MB ( 95%) committed 
      Class space:      504.00 MB reserved,       5.00 MB ( <1%) committed 
             Both:      536.00 MB reserved,      35.25 MB (  7%) committed 

Chunk freelists:
   Non-Class:  0 bytes
       Class:  1.00 KB
        Both:  1.00 KB

MaxMetaspaceSize: 512.00 MB
CompressedClassSpaceSize: 504.00 MB
Initial GC threshold: 20.80 MB
Current GC threshold: 35.32 MB
CDS: on

CodeHeap 'non-profiled nmethods': size=120032Kb used=1620Kb max_used=1620Kb free=118411Kb
 bounds [0x00007fe6942c5000, 0x00007fe694535000, 0x00007fe69b7fd000]
CodeHeap 'profiled nmethods': size=120028Kb used=7557Kb max_used=7557Kb free=112470Kb
 bounds [0x00007fe68cd8e000, 0x00007fe68d4fe000, 0x00007fe6942c5000]
CodeHeap 'non-nmethods': size=5700Kb used=2279Kb max_used=2306Kb free=3421Kb
 bounds [0x00007fe68c7fd000, 0x00007fe68ca6d000, 0x00007fe68cd8e000]
 total_blobs=4623 nmethods=3847 adapters=689
 compilation: enabled
              stopped_count=0, restarted_count=0
 full_count=0

Compilation events (20 events):
Event: 6.434 Thread 0x00007fe6a4150800 nmethod 3889 0x00007fe68d4eb310 code [0x00007fe68d4eb4e0, 0x00007fe68d4eb6c0]
Event: 6.434 Thread 0x00007fe6a4150800 3890       3       org.gradle.internal.hash.Hashing$MessageDigestHasher::update (28 bytes)
Event: 6.434 Thread 0x00007fe6a4150800 nmethod 3890 0x00007fe68d4eb790 code [0x00007fe68d4eb9c0, 0x00007fe68d4ec0a0]
Event: 6.434 Thread 0x00007fe6a4150800 3891       3       org.gradle.internal.hash.Hashing$MessageDigestHasher::castBuffer (2 bytes)
Event: 6.434 Thread 0x00007fe6a4150800 nmethod 3891 0x00007fe68d4ec390 code [0x00007fe68d4ec540, 0x00007fe68d4ec610]
Event: 6.434 Thread 0x00007fe6a4150800 3892       3       java.nio.ByteBuffer::clear (5 bytes)
Event: 6.434 Thread 0x00007fe6a4150800 nmethod 3892 0x00007fe68d4ec690 code [0x00007fe68d4ec840, 0x00007fe68d4eca20]
Event: 6.435 Thread 0x00007fe6a4150800 3893       3       org.gradle.cache.internal.btree.StateCheckBlockStore::read (33 bytes)
Event: 6.435 Thread 0x00007fe6a4150800 nmethod 3893 0x00007fe68d4ecb10 code [0x00007fe68d4eccc0, 0x00007fe68d4ecec0]
Event: 6.435 Thread 0x00007fe6a4150800 3894       3       org.gradle.cache.internal.btree.FreeListBlockStore::read (12 bytes)
Event: 6.435 Thread 0x00007fe6a4150800 nmethod 3894 0x00007fe68d4ecf90 code [0x00007fe68d4ed140, 0x00007fe68d4ed320]
Event: 6.436 Thread 0x00007fe6a4150800 3895       3       java.nio.HeapByteBuffer::putLong (28 bytes)
Event: 6.436 Thread 0x00007fe6a414e800 3897       4       java.security.CodeSource::<init> (52 bytes)
Event: 6.436 Thread 0x00007fe6a4150800 nmethod 3895 0x00007fe68d4ed410 code [0x00007fe68d4ed600, 0x00007fe68d4edab0]
Event: 6.436 Thread 0x00007fe6a4150800 3896       3       jdk.internal.misc.Unsafe::putLongUnaligned (14 bytes)
Event: 6.436 Thread 0x00007fe6a4150800 nmethod 3896 0x00007fe68d4edd10 code [0x00007fe68d4edee0, 0x00007fe68d4ee100]
Event: 6.441 Thread 0x00007fe6a4150800 3899       1       java.util.zip.ZipEntry::getName (5 bytes)
Event: 6.441 Thread 0x00007fe6a4150800 nmethod 3899 0x00007fe694456410 code [0x00007fe6944565c0, 0x00007fe694456690]
Event: 6.469 Thread 0x00007fe6a4150800 3901       3       java.util.concurrent.atomic.AtomicLong::compareAndSet (13 bytes)
Event: 6.469 Thread 0x00007fe6a4150800 nmethod 3901 0x00007fe68d4ee210 code [0x00007fe68d4ee3c0, 0x00007fe68d4ee4f0]

GC Heap History (12 events):
Event: 0.485 GC heap before
{Heap before GC invocations=0 (full 0):
 garbage-first heap   total 126976K, used 30412K [0x0000000080000000, 0x0000000100000000)
  region size 1024K, 24 young (24576K), 0 survivors (0K)
 Metaspace       used 3315K, capacity 6158K, committed 6400K, reserved 524288K
  class space    used 431K, capacity 715K, committed 768K, reserved 516096K
}
Event: 0.495 GC heap after
{Heap after GC invocations=1 (full 0):
 garbage-first heap   total 126976K, used 9639K [0x0000000080000000, 0x0000000100000000)
  region size 1024K, 3 young (3072K), 3 survivors (3072K)
 Metaspace       used 3315K, capacity 6158K, committed 6400K, reserved 524288K
  class space    used 431K, capacity 715K, committed 768K, reserved 516096K
}
Event: 1.258 GC heap before
{Heap before GC invocations=1 (full 0):
 garbage-first heap   total 126976K, used 82343K [0x0000000080000000, 0x0000000100000000)
  region size 1024K, 73 young (74752K), 3 survivors (3072K)
 Metaspace       used 11305K, capacity 11718K, committed 12032K, reserved 526336K
  class space    used 1563K, capacity 1703K, committed 1792K, reserved 516096K
}
Event: 1.291 GC heap after
{Heap after GC invocations=2 (full 0):
 garbage-first heap   total 126976K, used 16650K [0x0000000080000000, 0x0000000100000000)
  region size 1024K, 10 young (10240K), 10 survivors (10240K)
 Metaspace       used 11305K, capacity 11718K, committed 12032K, reserved 526336K
  class space    used 1563K, capacity 1703K, committed 1792K, reserved 516096K
}
Event: 1.780 GC heap before
{Heap before GC invocations=2 (full 0):
 garbage-first heap   total 126976K, used 66826K [0x0000000080000000, 0x0000000100000000)
  region size 1024K, 59 young (60416K), 10 survivors (10240K)
 Metaspace       used 16365K, capacity 16851K, committed 17024K, reserved 530432K
  class space    used 2368K, capacity 2570K, committed 2688K, reserved 516096K
}
Event: 1.805 GC heap after
{Heap after GC invocations=3 (full 0):
 garbage-first heap   total 126976K, used 18524K [0x0000000080000000, 0x0000000100000000)
  region size 1024K, 3 young (3072K), 3 survivors (3072K)
 Metaspace       used 16365K, capacity 16851K, committed 17024K, reserved 530432K
  class space    used 2368K, capacity 2570K, committed 2688K, reserved 516096K
}
Event: 2.239 GC heap before
{Heap before GC invocations=3 (full 0):
 garbage-first heap   total 126976K, used 59484K [0x0000000080000000, 0x0000000100000000)
  region size 1024K, 44 young (45056K), 3 survivors (3072K)
 Metaspace       used 20499K, capacity 21086K, committed 21248K, reserved 534528K
  class space    used 3000K, capacity 3242K, committed 3328K, reserved 516096K
}
Event: 2.251 GC heap after
{Heap after GC invocations=4 (full 0):
 garbage-first heap   total 126976K, used 19646K [0x0000000080000000, 0x0000000100000000)
  region size 1024K, 4 young (4096K), 4 survivors (4096K)
 Metaspace       used 20499K, capacity 21086K, committed 21248K, reserved 534528K
  class space    used 3000K, capacity 3242K, committed 3328K, reserved 516096K
}
Event: 3.065 GC heap before
{Heap before GC invocations=5 (full 0):
 garbage-first heap   total 126976K, used 83134K [0x0000000080000000, 0x0000000100000000)
  region size 1024K, 66 young (67584K), 4 survivors (4096K)
 Metaspace       used 28769K, capacity 29662K, committed 30080K, reserved 542720K
  class space    used 4009K, capacity 4355K, committed 4480K, reserved 516096K
}
Event: 3.085 GC heap after
{Heap after GC invocations=6 (full 0):
 garbage-first heap   total 191488K, used 25058K [0x0000000080000000, 0x0000000100000000)
  region size 1024K, 9 young (9216K), 9 survivors (9216K)
 Metaspace       used 28769K, capacity 29662K, committed 30080K, reserved 542720K
  class space    used 4009K, capacity 4355K, committed 4480K, reserved 516096K
}
Event: 6.450 GC heap before
{Heap before GC invocations=6 (full 0):
 garbage-first heap   total 191488K, used 108002K [0x0000000080000000, 0x0000000100000000)
  region size 1024K, 88 young (90112K), 9 survivors (9216K)
 Metaspace       used 34680K, capacity 35834K, committed 35840K, reserved 546816K
  class space    used 4653K, capacity 5116K, committed 5120K, reserved 516096K
}
Event: 6.463 GC heap after
{Heap after GC invocations=7 (full 0):
 garbage-first heap   total 191488K, used 30561K [0x0000000080000000, 0x0000000100000000)
  region size 1024K, 10 young (10240K), 10 survivors (10240K)
 Metaspace       used 34680K, capacity 35834K, committed 35840K, reserved 546816K
  class space    used 4653K, capacity 5116K, committed 5120K, reserved 516096K
}

Deoptimization events (20 events):
Event: 6.119 Thread 0x00007fe62c009000 DEOPT PACKING pc=0x00007fe69443d470 sp=0x00007fe662aee7a0
Event: 6.119 Thread 0x00007fe62c009000 DEOPT UNPACKING pc=0x00007fe68c846ea5 sp=0x00007fe662aee730 mode 2
Event: 6.125 Thread 0x00007fe62c009000 DEOPT PACKING pc=0x00007fe68d09a8cb sp=0x00007fe662aedfe0
Event: 6.125 Thread 0x00007fe62c009000 DEOPT UNPACKING pc=0x00007fe68c84764a sp=0x00007fe662aed510 mode 0
Event: 6.140 Thread 0x00007fe62c009000 DEOPT PACKING pc=0x00007fe68d333ecf sp=0x00007fe662aecb40
Event: 6.140 Thread 0x00007fe62c009000 DEOPT UNPACKING pc=0x00007fe68c84764a sp=0x00007fe662aebfe8 mode 0
Event: 6.159 Thread 0x00007fe62c009000 DEOPT PACKING pc=0x00007fe68d0c38cc sp=0x00007fe662aedb90
Event: 6.159 Thread 0x00007fe62c009000 DEOPT UNPACKING pc=0x00007fe68c84764a sp=0x00007fe662aed088 mode 0
Event: 6.161 Thread 0x00007fe62c009000 DEOPT PACKING pc=0x00007fe68d0c38cc sp=0x00007fe662aedb90
Event: 6.161 Thread 0x00007fe62c009000 DEOPT UNPACKING pc=0x00007fe68c84764a sp=0x00007fe662aed088 mode 0
Event: 6.171 Thread 0x00007fe62c009000 DEOPT PACKING pc=0x00007fe68d1a60b0 sp=0x00007fe662aedd30
Event: 6.171 Thread 0x00007fe62c009000 DEOPT UNPACKING pc=0x00007fe68c84764a sp=0x00007fe662aed268 mode 0
Event: 6.171 Thread 0x00007fe62c009000 DEOPT PACKING pc=0x00007fe68d1a60b0 sp=0x00007fe662aedd30
Event: 6.171 Thread 0x00007fe62c009000 DEOPT UNPACKING pc=0x00007fe68c84764a sp=0x00007fe662aed268 mode 0
Event: 6.172 Thread 0x00007fe62c009000 DEOPT PACKING pc=0x00007fe68d1a60b0 sp=0x00007fe662aedb50
Event: 6.172 Thread 0x00007fe62c009000 DEOPT UNPACKING pc=0x00007fe68c84764a sp=0x00007fe662aed088 mode 0
Event: 6.172 Thread 0x00007fe62c009000 DEOPT PACKING pc=0x00007fe68d1a60b0 sp=0x00007fe662aedb50
Event: 6.172 Thread 0x00007fe62c009000 DEOPT UNPACKING pc=0x00007fe68c84764a sp=0x00007fe662aed088 mode 0
Event: 6.419 Thread 0x00007fe62c009000 DEOPT PACKING pc=0x00007fe68d1a60b0 sp=0x00007fe662aedae0
Event: 6.419 Thread 0x00007fe62c009000 DEOPT UNPACKING pc=0x00007fe68c84764a sp=0x00007fe662aed018 mode 0

Classes redefined (0 events):
No events

Internal exceptions (20 events):
Event: 5.488 Thread 0x00007fe62c009000 Exception <a 'java/lang/ClassNotFoundException'{0x0000000088592c28}: groovy/lang/Closure$1Customizer> (0x0000000088592c28) thrown at [./src/hotspot/share/classfile/systemDictionary.cpp, line 230]
Event: 5.498 Thread 0x00007fe62c009000 Exception <a 'java/lang/NoSuchMethodError'{0x0000000088421de0}: 'java.lang.Object java.lang.invoke.DirectMethodHandle$Holder.invokeStatic(java.lang.Object, java.lang.Object, java.lang.Object, java.lang.Object, int)'> (0x0000000088421de0) thrown at [./src/hotspot/share/interpreter/linkResolver.cpp, line 772]
Event: 5.504 Thread 0x00007fe62c009000 Exception <a 'java/lang/ClassNotFoundException'{0x00000000884b2be8}: org/gradle/internal/logging/slf4j/OutputEventListenerBackedLoggerBeanInfo> (0x00000000884b2be8) thrown at [./src/hotspot/share/classfile/systemDictionary.cpp, line 230]
Event: 5.504 Thread 0x00007fe62c009000 Exception <a 'java/lang/ClassNotFoundException'{0x00000000884e2fa8}: org/gradle/internal/logging/slf4j/BuildOperationAwareLoggerBeanInfo> (0x00000000884e2fa8) thrown at [./src/hotspot/share/classfile/systemDictionary.cpp, line 230]
Event: 5.505 Thread 0x00007fe62c009000 Exception <a 'java/lang/ClassNotFoundException'{0x0000000088313978}: org/gradle/internal/logging/slf4j/BuildOperationAwareLoggerCustomizer> (0x0000000088313978) thrown at [./src/hotspot/share/classfile/systemDictionary.cpp, line 230]
Event: 5.509 Thread 0x00007fe62c009000 Exception <a 'java/lang/ClassNotFoundException'{0x0000000088376f30}: org/gradle/internal/logging/slf4j/OutputEventListenerBackedLoggerCustomizer> (0x0000000088376f30) thrown at [./src/hotspot/share/classfile/systemDictionary.cpp, line 230]
Event: 5.524 Thread 0x00007fe62c009000 Exception <a 'java/lang/ClassNotFoundException'{0x00000000880d06a0}: org/codehaus/groovy/runtime/NullObjectBeanInfo> (0x00000000880d06a0) thrown at [./src/hotspot/share/classfile/systemDictionary.cpp, line 230]
Event: 5.528 Thread 0x00007fe62c009000 Exception <a 'java/lang/ClassNotFoundException'{0x0000000087d88858}: org/codehaus/groovy/runtime/NullObjectCustomizer> (0x0000000087d88858) thrown at [./src/hotspot/share/classfile/systemDictionary.cpp, line 230]
Event: 5.547 Thread 0x00007fe62c009000 Implicit null exception at 0x00007fe6943fb7ef to 0x00007fe6943fb8a8
Event: 5.549 Thread 0x00007fe62c009000 Exception <a 'java/lang/ClassNotFoundException'{0x0000000087ccf5d0}: java/io/FileBeanInfo> (0x0000000087ccf5d0) thrown at [./src/hotspot/share/classfile/systemDictionary.cpp, line 230]
Event: 5.549 Thread 0x00007fe62c009000 Exception <a 'java/lang/ClassNotFoundException'{0x0000000087cd4e70}: java/io/FileCustomizer> (0x0000000087cd4e70) thrown at [./src/hotspot/share/classfile/systemDictionary.cpp, line 230]
Event: 5.614 Thread 0x00007fe62c009000 Exception <a 'java/lang/NoSuchMethodError'{0x0000000087736d40}: 'java.lang.Object java.lang.invoke.DirectMethodHandle$Holder.invokeSpecial(java.lang.Object, java.lang.Object, java.lang.Object, java.lang.Object, java.lang.Object, java.lang.Object, java.lang.Object, java.lang.Object, java.lang.Object, java.lang.Object)'> (0x0000000087736d40) thrown at [./src/hotspot/share/interpreter/linkResolver.cpp, line 772]
Event: 5.615 Thread 0x00007fe62c009000 Exception <a 'java/lang/NoSuchMethodError'{0x000000008773f470}: 'java.lang.Object java.lang.invoke.Invokers$Holder.invoker(java.lang.Object, java.lang.Object, java.lang.Object, java.lang.Object, java.lang.Object, java.lang.Object, java.lang.Object, java.lang.Object, java.lang.Object)'> (0x000000008773f470) thrown at [./src/hotspot/share/interpreter/linkResolver.cpp, line 772]
Event: 6.115 Thread 0x00007fe62c009000 Exception <a 'java/lang/NoSuchMethodError'{0x00000000876d35a0}: 'java.lang.Object java.lang.invoke.DelegatingMethodHandle$Holder.reinvoke_L(java.lang.Object, java.lang.Object, java.lang.Object, java.lang.Object, java.lang.Object, java.lang.Object, java.lang.Object, java.lang.Object, java.lang.Object, java.lang.Object, java.lang.Object, java.lang.Object, java.lang.Object, java.lang.Object, java.lang.Object, java.lang.Object, java.lang.Object, java.lang.Object, java.lang.Object, java.lang.Object, java.lang.O
Event: 6.115 Thread 0x00007fe62c009000 Exception <a 'java/lang/NoSuchMethodError'{0x00000000876def58}: 'java.lang.Object java.lang.invoke.Invokers$Holder.invoker(java.lang.Object, java.lang.Object, java.lang.Object, java.lang.Object, java.lang.Object, java.lang.Object, java.lang.Object, java.lang.Object, java.lang.Object, java.lang.Object, java.lang.Object, java.lang.Object, java.lang.Object, java.lang.Object, java.lang.Object, java.lang.Object, java.lang.Object, java.lang.Object, java.lang.Object, java.lang.Object, java.lang.Object)'> (0x00000
Event: 6.116 Thread 0x00007fe62c009000 Exception <a 'java/lang/NoSuchMethodError'{0x00000000876e5f80}: 'java.lang.Object java.lang.invoke.DelegatingMethodHandle$Holder.delegate(java.lang.Object, java.lang.Object, java.lang.Object, java.lang.Object, java.lang.Object, java.lang.Object, java.lang.Object, java.lang.Object, java.lang.Object, java.lang.Object, java.lang.Object, java.lang.Object, java.lang.Object, java.lang.Object, java.lang.Object, java.lang.Object, java.lang.Object, java.lang.Object, java.lang.Object, java.lang.Object, java.lang.Obj
Event: 6.121 Thread 0x00007fe62c009000 Exception <a 'java/lang/NoSuchMethodError'{0x000000008752f368}: 'java.lang.Object java.lang.invoke.DirectMethodHandle$Holder.invokeStatic(java.lang.Object, java.lang.Object, java.lang.Object, java.lang.Object, java.lang.Object, java.lang.Object, java.lang.Object, java.lang.Object, java.lang.Object, java.lang.Object, java.lang.Object, java.lang.Object, java.lang.Object, java.lang.Object, java.lang.Object)'> (0x000000008752f368) thrown at [./src/hotspot/share/interpreter/linkResolver.cpp, line 772]
Event: 6.122 Thread 0x00007fe62c009000 Exception <a 'java/lang/NoSuchMethodError'{0x000000008753f6f8}: 'java.lang.Object java.lang.invoke.DirectMethodHandle$Holder.invokeStatic(java.lang.Object, java.lang.Object, java.lang.Object, java.lang.Object, java.lang.Object, java.lang.Object, java.lang.Object, java.lang.Object, java.lang.Object, java.lang.Object, java.lang.Object, java.lang.Object, java.lang.Object, java.lang.Object, java.lang.Object, java.lang.Object)'> (0x000000008753f6f8) thrown at [./src/hotspot/share/interpreter/linkResolver.cpp, l
Event: 6.123 Thread 0x00007fe62c009000 Exception <a 'java/lang/NoSuchMethodError'{0x000000008754f998}: 'java.lang.Object java.lang.invoke.DelegatingMethodHandle$Holder.reinvoke_L(java.lang.Object, java.lang.Object, java.lang.Object, java.lang.Object, java.lang.Object, java.lang.Object, java.lang.Object, java.lang.Object, java.lang.Object, java.lang.Object, java.lang.Object, java.lang.Object, java.lang.Object, java.lang.Object, java.lang.Object, java.lang.Object, java.lang.Object, java.lang.Object, java.lang.Object, java.lang.Object)'> (0x000000
Event: 6.180 Thread 0x00007fe62c009000 Exception <a 'java/lang/IncompatibleClassChangeError'{0x0000000086e01d18}: Found class java.lang.Object, but interface was expected> (0x0000000086e01d18) thrown at [./src/hotspot/share/interpreter/linkResolver.cpp, line 839]

Events (20 events):
Event: 6.464 loading class kotlin/collections/ArraysKt__ArraysJVMKt
Event: 6.464 loading class kotlin/collections/ArraysKt__ArraysJVMKt done
Event: 6.466 loading class kotlin/collections/ArraysUtilJVM
Event: 6.466 loading class kotlin/collections/ArraysUtilJVM done
Event: 6.467 loading class org/gradle/kotlin/dsl/provider/CompileKotlinScript$identify$1
Event: 6.467 loading class org/gradle/kotlin/dsl/provider/CompileKotlinScript$identify$1 done
Event: 6.467 loading class org/gradle/internal/execution/UnitOfWork$Identity
Event: 6.467 loading class org/gradle/internal/execution/UnitOfWork$Identity done
Event: 6.467 loading class org/gradle/internal/execution/steps/IdentifyStep$1
Event: 6.467 loading class org/gradle/internal/execution/steps/IdentifyStep$1 done
Event: 6.468 loading class org/gradle/internal/execution/UnitOfWork
Event: 6.468 loading class org/gradle/internal/execution/UnitOfWork done
Event: 6.468 loading class org/gradle/internal/execution/steps/AssignWorkspaceStep
Event: 6.468 loading class org/gradle/internal/execution/steps/AssignWorkspaceStep done
Event: 6.468 loading class org/gradle/internal/execution/workspace/WorkspaceProvider$WorkspaceAction
Event: 6.468 loading class org/gradle/internal/execution/workspace/WorkspaceProvider$WorkspaceAction done
Event: 6.468 loading class org/gradle/internal/execution/workspace/WorkspaceProvider$WorkspaceAction
Event: 6.468 loading class org/gradle/internal/execution/workspace/WorkspaceProvider$WorkspaceAction done
Event: 6.468 loading class org/gradle/internal/execution/workspace/impl/DefaultImmutableWorkspaceProvider
Event: 6.468 loading class org/gradle/internal/execution/workspace/impl/DefaultImmutableWorkspaceProvider done


Dynamic libraries:
80000000-8b900000 rw-p 00000000 00:00 0 
8b900000-ffe00000 ---p 00000000 00:00 0 
ffe00000-ffe48000 rw-p 00b0a000 08:03 14420309                           /usr/lib/jvm/java-11-openjdk-amd64/lib/server/classes.jsa
ffe48000-fff00000 rw-p 00000000 00:00 0 
fff00000-fff6b000 rw-p 00a9f000 08:03 14420309                           /usr/lib/jvm/java-11-openjdk-amd64/lib/server/classes.jsa
fff6b000-100000000 rw-p 00000000 00:00 0 
800000000-800002000 rwxp 00001000 08:03 14420309                         /usr/lib/jvm/java-11-openjdk-amd64/lib/server/classes.jsa
800002000-8003cc000 rw-p 00003000 08:03 14420309                         /usr/lib/jvm/java-11-openjdk-amd64/lib/server/classes.jsa
8003cc000-800a9d000 r--p 003cd000 08:03 14420309                         /usr/lib/jvm/java-11-openjdk-amd64/lib/server/classes.jsa
800a9d000-800a9e000 rw-p 00a9e000 08:03 14420309                         /usr/lib/jvm/java-11-openjdk-amd64/lib/server/classes.jsa
840000000-840500000 rw-p 00000000 00:00 0 
840500000-85f800000 ---p 00000000 00:00 0 
5607641d9000-5607641da000 r--p 00000000 08:03 13768736                   /usr/lib/jvm/java-11-openjdk-amd64/bin/java
5607641da000-5607641db000 r-xp 00001000 08:03 13768736                   /usr/lib/jvm/java-11-openjdk-amd64/bin/java
5607641db000-5607641dc000 r--p 00002000 08:03 13768736                   /usr/lib/jvm/java-11-openjdk-amd64/bin/java
5607641dc000-5607641dd000 r--p 00002000 08:03 13768736                   /usr/lib/jvm/java-11-openjdk-amd64/bin/java
5607641dd000-5607641de000 rw-p 00003000 08:03 13768736                   /usr/lib/jvm/java-11-openjdk-amd64/bin/java
560764cc3000-560764ce4000 rw-p 00000000 00:00 0                          [heap]
7fe5ac000000-7fe5ac021000 rw-p 00000000 00:00 0 
7fe5ac021000-7fe5b0000000 ---p 00000000 00:00 0 
7fe5b4000000-7fe5b4021000 rw-p 00000000 00:00 0 
7fe5b4021000-7fe5b8000000 ---p 00000000 00:00 0 
7fe5b8000000-7fe5b8021000 rw-p 00000000 00:00 0 
7fe5b8021000-7fe5bc000000 ---p 00000000 00:00 0 
7fe5bc000000-7fe5bc021000 rw-p 00000000 00:00 0 
7fe5bc021000-7fe5c0000000 ---p 00000000 00:00 0 
7fe5c3700000-7fe5c3740000 rw-p 00000000 00:00 0 
7fe5c3740000-7fe5c3900000 ---p 00000000 00:00 0 
7fe5c3900000-7fe5c3904000 ---p 00000000 00:00 0 
7fe5c3904000-7fe5c3c00000 rw-p 00000000 00:00 0 
7fe5c3c00000-7fe5c3c04000 ---p 00000000 00:00 0 
7fe5c3c04000-7fe5c3d00000 rw-p 00000000 00:00 0 
7fe5c3d00000-7fe5c3d04000 ---p 00000000 00:00 0 
7fe5c3d04000-7fe5c4000000 rw-p 00000000 00:00 0 
7fe5c4000000-7fe5c4021000 rw-p 00000000 00:00 0 
7fe5c4021000-7fe5c8000000 ---p 00000000 00:00 0 
7fe5c8000000-7fe5c8021000 rw-p 00000000 00:00 0 
7fe5c8021000-7fe5cc000000 ---p 00000000 00:00 0 
7fe5cc000000-7fe5cc021000 rw-p 00000000 00:00 0 
7fe5cc021000-7fe5d0000000 ---p 00000000 00:00 0 
7fe5d0000000-7fe5d0021000 rw-p 00000000 00:00 0 
7fe5d0021000-7fe5d4000000 ---p 00000000 00:00 0 
7fe5d4000000-7fe5d4021000 rw-p 00000000 00:00 0 
7fe5d4021000-7fe5d8000000 ---p 00000000 00:00 0 
7fe5d8000000-7fe5d8021000 rw-p 00000000 00:00 0 
7fe5d8021000-7fe5dc000000 ---p 00000000 00:00 0 
7fe5dc000000-7fe5dc021000 rw-p 00000000 00:00 0 
7fe5dc021000-7fe5e0000000 ---p 00000000 00:00 0 
7fe5e0000000-7fe5e0021000 rw-p 00000000 00:00 0 
7fe5e0021000-7fe5e4000000 ---p 00000000 00:00 0 
7fe5e4000000-7fe5e4021000 rw-p 00000000 00:00 0 
7fe5e4021000-7fe5e8000000 ---p 00000000 00:00 0 
7fe5e8000000-7fe5e8021000 rw-p 00000000 00:00 0 
7fe5e8021000-7fe5ec000000 ---p 00000000 00:00 0 
7fe5ec000000-7fe5ec021000 rw-p 00000000 00:00 0 
7fe5ec021000-7fe5f0000000 ---p 00000000 00:00 0 
7fe5f0000000-7fe5f0021000 rw-p 00000000 00:00 0 
7fe5f0021000-7fe5f4000000 ---p 00000000 00:00 0 
7fe5f4000000-7fe5f4021000 rw-p 00000000 00:00 0 
7fe5f4021000-7fe5f8000000 ---p 00000000 00:00 0 
7fe5f8000000-7fe5f8021000 rw-p 00000000 00:00 0 
7fe5f8021000-7fe5fc000000 ---p 00000000 00:00 0 
7fe5fc000000-7fe5fc021000 rw-p 00000000 00:00 0 
7fe5fc021000-7fe600000000 ---p 00000000 00:00 0 
7fe600000000-7fe600021000 rw-p 00000000 00:00 0 
7fe600021000-7fe604000000 ---p 00000000 00:00 0 
7fe604000000-7fe604021000 rw-p 00000000 00:00 0 
7fe604021000-7fe608000000 ---p 00000000 00:00 0 
7fe608000000-7fe608021000 rw-p 00000000 00:00 0 
7fe608021000-7fe60c000000 ---p 00000000 00:00 0 
7fe60c000000-7fe60c021000 rw-p 00000000 00:00 0 
7fe60c021000-7fe610000000 ---p 00000000 00:00 0 
7fe610000000-7fe610021000 rw-p 00000000 00:00 0 
7fe610021000-7fe614000000 ---p 00000000 00:00 0 
7fe614000000-7fe614021000 rw-p 00000000 00:00 0 
7fe614021000-7fe618000000 ---p 00000000 00:00 0 
7fe618000000-7fe618021000 rw-p 00000000 00:00 0 
7fe618021000-7fe61c000000 ---p 00000000 00:00 0 
7fe61c000000-7fe61c021000 rw-p 00000000 00:00 0 
7fe61c021000-7fe620000000 ---p 00000000 00:00 0 
7fe620000000-7fe620021000 rw-p 00000000 00:00 0 
7fe620021000-7fe624000000 ---p 00000000 00:00 0 
7fe624000000-7fe624021000 rw-p 00000000 00:00 0 
7fe624021000-7fe628000000 ---p 00000000 00:00 0 
7fe628000000-7fe628cc1000 rw-p 00000000 00:00 0 
7fe628cc1000-7fe62c000000 ---p 00000000 00:00 0 
7fe62c000000-7fe62c021000 rw-p 00000000 00:00 0 
7fe62c021000-7fe630000000 ---p 00000000 00:00 0 
7fe630000000-7fe630028000 rw-p 00000000 00:00 0 
7fe630028000-7fe634000000 ---p 00000000 00:00 0 
7fe634000000-7fe634054000 rw-p 00000000 00:00 0 
7fe634054000-7fe638000000 ---p 00000000 00:00 0 
7fe638000000-7fe638021000 rw-p 00000000 00:00 0 
7fe638021000-7fe63c000000 ---p 00000000 00:00 0 
7fe63c000000-7fe63c021000 rw-p 00000000 00:00 0 
7fe63c021000-7fe640000000 ---p 00000000 00:00 0 
7fe640000000-7fe640021000 rw-p 00000000 00:00 0 
7fe640021000-7fe644000000 ---p 00000000 00:00 0 
7fe644000000-7fe644021000 rw-p 00000000 00:00 0 
7fe644021000-7fe648000000 ---p 00000000 00:00 0 
7fe648000000-7fe648021000 rw-p 00000000 00:00 0 
7fe648021000-7fe64c000000 ---p 00000000 00:00 0 
7fe64c000000-7fe64c913000 rw-p 00000000 00:00 0 
7fe64c913000-7fe650000000 ---p 00000000 00:00 0 
7fe650000000-7fe650021000 rw-p 00000000 00:00 0 
7fe650021000-7fe654000000 ---p 00000000 00:00 0 
7fe654000000-7fe654021000 rw-p 00000000 00:00 0 
7fe654021000-7fe658000000 ---p 00000000 00:00 0 
7fe658000000-7fe65930f000 rw-p 00000000 00:00 0 
7fe65930f000-7fe65c000000 ---p 00000000 00:00 0 
7fe65c000000-7fe65c021000 rw-p 00000000 00:00 0 
7fe65c021000-7fe660000000 ---p 00000000 00:00 0 
7fe660088000-7fe66008c000 ---p 00000000 00:00 0 
7fe66008c000-7fe660188000 rw-p 00000000 00:00 0 
7fe660188000-7fe66018c000 ---p 00000000 00:00 0 
7fe66018c000-7fe660488000 rw-p 00000000 00:00 0 
7fe660488000-7fe660688000 rw-p 00000000 00:00 0 
7fe660688000-7fe660888000 rw-p 00000000 00:00 0 
7fe660888000-7fe66088c000 ---p 00000000 00:00 0 
7fe66088c000-7fe660b88000 rw-p 00000000 00:00 0 
7fe660b88000-7fe660b8c000 ---p 00000000 00:00 0 
7fe660b8c000-7fe660c88000 rw-p 00000000 00:00 0 
7fe660c88000-7fe660c8c000 ---p 00000000 00:00 0 
7fe660c8c000-7fe660d88000 rw-p 00000000 00:00 0 
7fe660d88000-7fe660d89000 ---p 00000000 00:00 0 
7fe660d89000-7fe660e8a000 rw-p 00000000 00:00 0 
7fe660e8a000-7fe660e8e000 ---p 00000000 00:00 0 
7fe660e8e000-7fe660f8a000 rw-p 00000000 00:00 0 
7fe660f8a000-7fe660f8e000 ---p 00000000 00:00 0 
7fe660f8e000-7fe66108a000 rw-p 00000000 00:00 0 
7fe66108a000-7fe66108e000 ---p 00000000 00:00 0 
7fe66108e000-7fe66118a000 rw-p 00000000 00:00 0 
7fe66118a000-7fe66118e000 ---p 00000000 00:00 0 
7fe66118e000-7fe66148a000 rw-p 00000000 00:00 0 
7fe66148a000-7fe66148e000 ---p 00000000 00:00 0 
7fe66148e000-7fe66178a000 rw-p 00000000 00:00 0 
7fe6617d8000-7fe6617dc000 ---p 00000000 00:00 0 
7fe6617dc000-7fe661ad8000 rw-p 00000000 00:00 0 
7fe661ad8000-7fe661adc000 ---p 00000000 00:00 0 
7fe661adc000-7fe661dd8000 rw-p 00000000 00:00 0 
7fe661dd8000-7fe661dd9000 ---p 00000000 00:00 0 
7fe661dd9000-7fe661eda000 rw-p 00000000 00:00 0 
7fe661eda000-7fe661edb000 ---p 00000000 00:00 0 
7fe661edb000-7fe661fdc000 rw-p 00000000 00:00 0 
7fe661fdc000-7fe661fdd000 ---p 00000000 00:00 0 
7fe661fdd000-7fe6620de000 rw-p 00000000 00:00 0 
7fe6620de000-7fe6620df000 ---p 00000000 00:00 0 
7fe6620df000-7fe6621e0000 rw-p 00000000 00:00 0 
7fe6621e0000-7fe6621e1000 ---p 00000000 00:00 0 
7fe6621e1000-7fe6622e2000 rw-p 00000000 00:00 0 
7fe6622e2000-7fe6622e3000 ---p 00000000 00:00 0 
7fe6622e3000-7fe6625e4000 rw-p 00000000 00:00 0 
7fe6625f6000-7fe6625fa000 ---p 00000000 00:00 0 
7fe6625fa000-7fe6626f6000 rw-p 00000000 00:00 0 
7fe6626f6000-7fe6626fa000 ---p 00000000 00:00 0 
7fe6626fa000-7fe6627f6000 rw-p 00000000 00:00 0 
7fe6627f6000-7fe6627fa000 ---p 00000000 00:00 0 
7fe6627fa000-7fe6628f6000 rw-p 00000000 00:00 0 
7fe6628f6000-7fe6628fa000 ---p 00000000 00:00 0 
7fe6628fa000-7fe6629f6000 rw-p 00000000 00:00 0 
7fe6629f6000-7fe6629fa000 ---p 00000000 00:00 0 
7fe6629fa000-7fe662af6000 rw-p 00000000 00:00 0 
7fe662b00000-7fe662b04000 ---p 00000000 00:00 0 
7fe662b04000-7fe662c00000 rw-p 00000000 00:00 0 
7fe662c00000-7fe662c04000 ---p 00000000 00:00 0 
7fe662c04000-7fe662d00000 rw-p 00000000 00:00 0 
7fe662d00000-7fe662d04000 ---p 00000000 00:00 0 
7fe662d04000-7fe662e00000 rw-p 00000000 00:00 0 
7fe662e00000-7fe662e04000 ---p 00000000 00:00 0 
7fe662e04000-7fe662f00000 rw-p 00000000 00:00 0 
7fe662f00000-7fe662f04000 ---p 00000000 00:00 0 
7fe662f04000-7fe663000000 rw-p 00000000 00:00 0 
7fe663000000-7fe663004000 ---p 00000000 00:00 0 
7fe663004000-7fe663100000 rw-p 00000000 00:00 0 
7fe663100000-7fe663104000 ---p 00000000 00:00 0 
7fe663104000-7fe663200000 rw-p 00000000 00:00 0 
7fe663200000-7fe663253000 r-xp 00000000 08:03 7734441                    /home/sushant/.gradle/native/0d407fdbe67a94daf76414ababcb853783967236a71b16ec16e742cd7a986fd3/linux-amd64/libnative-platform-file-events.so
7fe663253000-7fe663452000 ---p 00053000 08:03 7734441                    /home/sushant/.gradle/native/0d407fdbe67a94daf76414ababcb853783967236a71b16ec16e742cd7a986fd3/linux-amd64/libnative-platform-file-events.so
7fe663452000-7fe663453000 r--p 00052000 08:03 7734441                    /home/sushant/.gradle/native/0d407fdbe67a94daf76414ababcb853783967236a71b16ec16e742cd7a986fd3/linux-amd64/libnative-platform-file-events.so
7fe663453000-7fe663455000 rw-p 00053000 08:03 7734441                    /home/sushant/.gradle/native/0d407fdbe67a94daf76414ababcb853783967236a71b16ec16e742cd7a986fd3/linux-amd64/libnative-platform-file-events.so
7fe6634fe000-7fe6634ff000 ---p 00000000 00:00 0 
7fe6634ff000-7fe663600000 rw-p 00000000 00:00 0 
7fe663600000-7fe663605000 r-xp 00000000 08:03 7734420                    /home/sushant/.gradle/native/e1d6ef7f7dcc3fd88c89a11ec53ec762bb8ba0a96d01ffa2cd45eb1d1d8dd5c5/linux-amd64/libnative-platform.so
7fe663605000-7fe663805000 ---p 00005000 08:03 7734420                    /home/sushant/.gradle/native/e1d6ef7f7dcc3fd88c89a11ec53ec762bb8ba0a96d01ffa2cd45eb1d1d8dd5c5/linux-amd64/libnative-platform.so
7fe663805000-7fe663806000 r--p 00005000 08:03 7734420                    /home/sushant/.gradle/native/e1d6ef7f7dcc3fd88c89a11ec53ec762bb8ba0a96d01ffa2cd45eb1d1d8dd5c5/linux-amd64/libnative-platform.so
7fe663806000-7fe663807000 rw-p 00006000 08:03 7734420                    /home/sushant/.gradle/native/e1d6ef7f7dcc3fd88c89a11ec53ec762bb8ba0a96d01ffa2cd45eb1d1d8dd5c5/linux-amd64/libnative-platform.so
7fe6638fe000-7fe6638ff000 ---p 00000000 00:00 0 
7fe6638ff000-7fe663a00000 rw-p 00000000 00:00 0 
7fe663a00000-7fe663a04000 ---p 00000000 00:00 0 
7fe663a04000-7fe663b00000 rw-p 00000000 00:00 0 
7fe663b00000-7fe663b04000 ---p 00000000 00:00 0 
7fe663b04000-7fe663c00000 rw-p 00000000 00:00 0 
7fe663c00000-7fe663c04000 ---p 00000000 00:00 0 
7fe663c04000-7fe663d00000 rw-p 00000000 00:00 0 
7fe663d00000-7fe663d04000 ---p 00000000 00:00 0 
7fe663d04000-7fe663e00000 rw-p 00000000 00:00 0 
7fe663e00000-7fe663e04000 ---p 00000000 00:00 0 
7fe663e04000-7fe663f00000 rw-p 00000000 00:00 0 
7fe663f00000-7fe663f04000 ---p 00000000 00:00 0 
7fe663f04000-7fe664000000 rw-p 00000000 00:00 0 
7fe664000000-7fe664021000 rw-p 00000000 00:00 0 
7fe664021000-7fe668000000 ---p 00000000 00:00 0 
7fe668000000-7fe668021000 rw-p 00000000 00:00 0 
7fe668021000-7fe66c000000 ---p 00000000 00:00 0 
7fe66c000000-7fe66c021000 rw-p 00000000 00:00 0 
7fe66c021000-7fe670000000 ---p 00000000 00:00 0 
7fe670000000-7fe67018e000 rw-p 00000000 00:00 0 
7fe67018e000-7fe674000000 ---p 00000000 00:00 0 
7fe674000000-7fe674021000 rw-p 00000000 00:00 0 
7fe674021000-7fe678000000 ---p 00000000 00:00 0 
7fe67800e000-7fe678df5000 r--p 00000000 08:03 13112620                   /usr/lib/locale/locale-archive
7fe678df5000-7fe678df9000 ---p 00000000 00:00 0 
7fe678df9000-7fe678ef5000 rw-p 00000000 00:00 0 
7fe678ef5000-7fe678ef9000 ---p 00000000 00:00 0 
7fe678ef9000-7fe678ff5000 rw-p 00000000 00:00 0 
7fe678ff5000-7fe678ff6000 ---p 00000000 00:00 0 
7fe678ff6000-7fe6798f7000 rw-p 00000000 00:00 0 
7fe6798f7000-7fe6798f8000 ---p 00000000 00:00 0 
7fe6798f8000-7fe6799f9000 rw-p 00000000 00:00 0 
7fe6799f9000-7fe6799fa000 ---p 00000000 00:00 0 
7fe6799fa000-7fe67c000000 rw-p 00000000 00:00 0 
7fe67c000000-7fe67c021000 rw-p 00000000 00:00 0 
7fe67c021000-7fe680000000 ---p 00000000 00:00 0 
7fe680000000-7fe680021000 rw-p 00000000 00:00 0 
7fe680021000-7fe684000000 ---p 00000000 00:00 0 
7fe684000000-7fe6842e4000 rw-p 00000000 00:00 0 
7fe6842e4000-7fe685ff8000 ---p 00000000 00:00 0 
7fe685ff8000-7fe6862e4000 rw-p 00000000 00:00 0 
7fe6862e4000-7fe687ff8000 ---p 00000000 00:00 0 
7fe687ff8000-7fe688000000 rw-p 00000000 00:00 0 
7fe688000000-7fe688021000 rw-p 00000000 00:00 0 
7fe688021000-7fe68c000000 ---p 00000000 00:00 0 
7fe68c046000-7fe68c04a000 ---p 00000000 00:00 0 
7fe68c04a000-7fe68c068000 rw-p 00000000 00:00 0 
7fe68c068000-7fe68c06f000 r--s 00000000 08:03 13766896                   /usr/lib/x86_64-linux-gnu/gconv/gconv-modules.cache
7fe68c06f000-7fe68c070000 r--p 00000000 08:03 13768780                   /usr/lib/jvm/java-11-openjdk-amd64/lib/libextnet.so
7fe68c070000-7fe68c071000 r-xp 00001000 08:03 13768780                   /usr/lib/jvm/java-11-openjdk-amd64/lib/libextnet.so
7fe68c071000-7fe68c072000 r--p 00002000 08:03 13768780                   /usr/lib/jvm/java-11-openjdk-amd64/lib/libextnet.so
7fe68c072000-7fe68c073000 r--p 00002000 08:03 13768780                   /usr/lib/jvm/java-11-openjdk-amd64/lib/libextnet.so
7fe68c073000-7fe68c074000 rw-p 00003000 08:03 13768780                   /usr/lib/jvm/java-11-openjdk-amd64/lib/libextnet.so
7fe68c074000-7fe68c075000 r--p 00000000 08:03 13114292                   /usr/lib/x86_64-linux-gnu/libpthread.so.0
7fe68c075000-7fe68c076000 r-xp 00001000 08:03 13114292                   /usr/lib/x86_64-linux-gnu/libpthread.so.0
7fe68c076000-7fe68c077000 r--p 00002000 08:03 13114292                   /usr/lib/x86_64-linux-gnu/libpthread.so.0
7fe68c077000-7fe68c078000 r--p 00002000 08:03 13114292                   /usr/lib/x86_64-linux-gnu/libpthread.so.0
7fe68c078000-7fe68c079000 rw-p 00003000 08:03 13114292                   /usr/lib/x86_64-linux-gnu/libpthread.so.0
7fe68c079000-7fe68c45a000 rw-p 00000000 00:00 0 
7fe68c45a000-7fe68c7fc000 ---p 00000000 00:00 0 
7fe68c7fc000-7fe68c7fd000 rw-p 00000000 00:00 0 
7fe68c7fd000-7fe68ca6d000 rwxp 00000000 00:00 0 
7fe68ca6d000-7fe68cd8e000 ---p 00000000 00:00 0 
7fe68cd8e000-7fe68d4fe000 rwxp 00000000 00:00 0 
7fe68d4fe000-7fe6942c5000 ---p 00000000 00:00 0 
7fe6942c5000-7fe694535000 rwxp 00000000 00:00 0 
7fe694535000-7fe69b7fd000 ---p 00000000 00:00 0 
7fe69b7fd000-7fe6a4000000 r--s 00000000 08:03 13768808                   /usr/lib/jvm/java-11-openjdk-amd64/lib/modules
7fe6a4000000-7fe6a53a8000 rw-p 00000000 00:00 0 
7fe6a53a8000-7fe6a8000000 ---p 00000000 00:00 0 
7fe6a8002000-7fe6a8004000 r--p 00000000 08:03 13768796                   /usr/lib/jvm/java-11-openjdk-amd64/lib/libmanagement_ext.so
7fe6a8004000-7fe6a8007000 r-xp 00002000 08:03 13768796                   /usr/lib/jvm/java-11-openjdk-amd64/lib/libmanagement_ext.so
7fe6a8007000-7fe6a8009000 r--p 00005000 08:03 13768796                   /usr/lib/jvm/java-11-openjdk-amd64/lib/libmanagement_ext.so
7fe6a8009000-7fe6a800a000 r--p 00006000 08:03 13768796                   /usr/lib/jvm/java-11-openjdk-amd64/lib/libmanagement_ext.so
7fe6a800a000-7fe6a800b000 rw-p 00007000 08:03 13768796                   /usr/lib/jvm/java-11-openjdk-amd64/lib/libmanagement_ext.so
7fe6a800b000-7fe6a800e000 r--p 00000000 08:03 13768794                   /usr/lib/jvm/java-11-openjdk-amd64/lib/libmanagement.so
7fe6a800e000-7fe6a800f000 r-xp 00003000 08:03 13768794                   /usr/lib/jvm/java-11-openjdk-amd64/lib/libmanagement.so
7fe6a800f000-7fe6a8010000 r--p 00004000 08:03 13768794                   /usr/lib/jvm/java-11-openjdk-amd64/lib/libmanagement.so
7fe6a8010000-7fe6a8011000 r--p 00004000 08:03 13768794                   /usr/lib/jvm/java-11-openjdk-amd64/lib/libmanagement.so
7fe6a8011000-7fe6a8012000 rw-p 00005000 08:03 13768794                   /usr/lib/jvm/java-11-openjdk-amd64/lib/libmanagement.so
7fe6a8012000-7fe6a8043000 rw-p 00000000 00:00 0 
7fe6a8043000-7fe6a8047000 r--p 00000000 08:03 13768798                   /usr/lib/jvm/java-11-openjdk-amd64/lib/libnet.so
7fe6a8047000-7fe6a8055000 r-xp 00004000 08:03 13768798                   /usr/lib/jvm/java-11-openjdk-amd64/lib/libnet.so
7fe6a8055000-7fe6a8059000 r--p 00012000 08:03 13768798                   /usr/lib/jvm/java-11-openjdk-amd64/lib/libnet.so
7fe6a8059000-7fe6a805a000 r--p 00015000 08:03 13768798                   /usr/lib/jvm/java-11-openjdk-amd64/lib/libnet.so
7fe6a805a000-7fe6a805b000 rw-p 00016000 08:03 13768798                   /usr/lib/jvm/java-11-openjdk-amd64/lib/libnet.so
7fe6a805b000-7fe6a8062000 r--p 00000000 08:03 13768799                   /usr/lib/jvm/java-11-openjdk-amd64/lib/libnio.so
7fe6a8062000-7fe6a806a000 r-xp 00007000 08:03 13768799                   /usr/lib/jvm/java-11-openjdk-amd64/lib/libnio.so
7fe6a806a000-7fe6a806d000 r--p 0000f000 08:03 13768799                   /usr/lib/jvm/java-11-openjdk-amd64/lib/libnio.so
7fe6a806d000-7fe6a806e000 r--p 00011000 08:03 13768799                   /usr/lib/jvm/java-11-openjdk-amd64/lib/libnio.so
7fe6a806e000-7fe6a806f000 rw-p 00012000 08:03 13768799                   /usr/lib/jvm/java-11-openjdk-amd64/lib/libnio.so
7fe6a806f000-7fe6a80f2000 rw-p 00000000 00:00 0 
7fe6a80f2000-7fe6a80f3000 ---p 00000000 00:00 0 
7fe6a80f3000-7fe6a81f4000 rw-p 00000000 00:00 0 
7fe6a81f4000-7fe6a81f5000 ---p 00000000 00:00 0 
7fe6a81f5000-7fe6a83d8000 rw-p 00000000 00:00 0 
7fe6a83d8000-7fe6a877a000 ---p 00000000 00:00 0 
7fe6a877a000-7fe6a87d8000 rw-p 00000000 00:00 0 
7fe6a87d8000-7fe6a8b7a000 ---p 00000000 00:00 0 
7fe6a8b7a000-7fe6a9383000 rw-p 00000000 00:00 0 
7fe6a9383000-7fe6a9384000 ---p 00000000 00:00 0 
7fe6a9384000-7fe6a948a000 rw-p 00000000 00:00 0 
7fe6a948a000-7fe6a9570000 ---p 00000000 00:00 0 
7fe6a9570000-7fe6a957f000 rw-p 00000000 00:00 0 
7fe6a957f000-7fe6a965b000 ---p 00000000 00:00 0 
7fe6a965b000-7fe6a9660000 rw-p 00000000 00:00 0 
7fe6a9660000-7fe6a9667000 ---p 00000000 00:00 0 
7fe6a9667000-7fe6a9669000 r--p 00000000 08:03 13768807                   /usr/lib/jvm/java-11-openjdk-amd64/lib/libzip.so
7fe6a9669000-7fe6a966e000 r-xp 00002000 08:03 13768807                   /usr/lib/jvm/java-11-openjdk-amd64/lib/libzip.so
7fe6a966e000-7fe6a9670000 r--p 00007000 08:03 13768807                   /usr/lib/jvm/java-11-openjdk-amd64/lib/libzip.so
7fe6a9670000-7fe6a9671000 r--p 00008000 08:03 13768807                   /usr/lib/jvm/java-11-openjdk-amd64/lib/libzip.so
7fe6a9671000-7fe6a9672000 rw-p 00009000 08:03 13768807                   /usr/lib/jvm/java-11-openjdk-amd64/lib/libzip.so
7fe6a9672000-7fe6a967a000 rw-s 00000000 08:03 10881236                   /tmp/hsperfdata_sushant/5842
7fe6a967a000-7fe6a9687000 r--p 00000000 08:03 13768787                   /usr/lib/jvm/java-11-openjdk-amd64/lib/libjava.so
7fe6a9687000-7fe6a969d000 r-xp 0000d000 08:03 13768787                   /usr/lib/jvm/java-11-openjdk-amd64/lib/libjava.so
7fe6a969d000-7fe6a96a4000 r--p 00023000 08:03 13768787                   /usr/lib/jvm/java-11-openjdk-amd64/lib/libjava.so
7fe6a96a4000-7fe6a96a5000 r--p 00029000 08:03 13768787                   /usr/lib/jvm/java-11-openjdk-amd64/lib/libjava.so
7fe6a96a5000-7fe6a96a6000 rw-p 0002a000 08:03 13768787                   /usr/lib/jvm/java-11-openjdk-amd64/lib/libjava.so
7fe6a96a6000-7fe6a96a7000 rw-p 00000000 00:00 0 
7fe6a96a7000-7fe6a96ac000 r--p 00000000 08:03 13768806                   /usr/lib/jvm/java-11-openjdk-amd64/lib/libverify.so
7fe6a96ac000-7fe6a96b3000 r-xp 00005000 08:03 13768806                   /usr/lib/jvm/java-11-openjdk-amd64/lib/libverify.so
7fe6a96b3000-7fe6a96b5000 r--p 0000c000 08:03 13768806                   /usr/lib/jvm/java-11-openjdk-amd64/lib/libverify.so
7fe6a96b5000-7fe6a96b7000 r--p 0000d000 08:03 13768806                   /usr/lib/jvm/java-11-openjdk-amd64/lib/libverify.so
7fe6a96b7000-7fe6a96b8000 rw-p 0000f000 08:03 13768806                   /usr/lib/jvm/java-11-openjdk-amd64/lib/libverify.so
7fe6a96b8000-7fe6a96b9000 r--p 00000000 08:03 13114348                   /usr/lib/x86_64-linux-gnu/librt.so.1
7fe6a96b9000-7fe6a96ba000 r-xp 00001000 08:03 13114348                   /usr/lib/x86_64-linux-gnu/librt.so.1
7fe6a96ba000-7fe6a96bb000 r--p 00002000 08:03 13114348                   /usr/lib/x86_64-linux-gnu/librt.so.1
7fe6a96bb000-7fe6a96bc000 r--p 00002000 08:03 13114348                   /usr/lib/x86_64-linux-gnu/librt.so.1
7fe6a96bc000-7fe6a96bd000 rw-p 00003000 08:03 13114348                   /usr/lib/x86_64-linux-gnu/librt.so.1
7fe6a96bd000-7fe6a96c1000 ---p 00000000 00:00 0 
7fe6a96c1000-7fe6a97bd000 rw-p 00000000 00:00 0 
7fe6a97bd000-7fe6a97c0000 r--p 00000000 08:03 13113263                   /usr/lib/x86_64-linux-gnu/libgcc_s.so.1
7fe6a97c0000-7fe6a97d7000 r-xp 00003000 08:03 13113263                   /usr/lib/x86_64-linux-gnu/libgcc_s.so.1
7fe6a97d7000-7fe6a97db000 r--p 0001a000 08:03 13113263                   /usr/lib/x86_64-linux-gnu/libgcc_s.so.1
7fe6a97db000-7fe6a97dc000 r--p 0001d000 08:03 13113263                   /usr/lib/x86_64-linux-gnu/libgcc_s.so.1
7fe6a97dc000-7fe6a97dd000 rw-p 0001e000 08:03 13113263                   /usr/lib/x86_64-linux-gnu/libgcc_s.so.1
7fe6a97dd000-7fe6a97eb000 r--p 00000000 08:03 13114026                   /usr/lib/x86_64-linux-gnu/libm.so.6
7fe6a97eb000-7fe6a9867000 r-xp 0000e000 08:03 13114026                   /usr/lib/x86_64-linux-gnu/libm.so.6
7fe6a9867000-7fe6a98c2000 r--p 0008a000 08:03 13114026                   /usr/lib/x86_64-linux-gnu/libm.so.6
7fe6a98c2000-7fe6a98c3000 r--p 000e4000 08:03 13114026                   /usr/lib/x86_64-linux-gnu/libm.so.6
7fe6a98c3000-7fe6a98c4000 rw-p 000e5000 08:03 13114026                   /usr/lib/x86_64-linux-gnu/libm.so.6
7fe6a98c4000-7fe6a995e000 r--p 00000000 08:03 13113016                   /usr/lib/x86_64-linux-gnu/libstdc++.so.6.0.30
7fe6a995e000-7fe6a9a6e000 r-xp 0009a000 08:03 13113016                   /usr/lib/x86_64-linux-gnu/libstdc++.so.6.0.30
7fe6a9a6e000-7fe6a9add000 r--p 001aa000 08:03 13113016                   /usr/lib/x86_64-linux-gnu/libstdc++.so.6.0.30
7fe6a9add000-7fe6a9ae8000 r--p 00218000 08:03 13113016                   /usr/lib/x86_64-linux-gnu/libstdc++.so.6.0.30
7fe6a9ae8000-7fe6a9aeb000 rw-p 00223000 08:03 13113016                   /usr/lib/x86_64-linux-gnu/libstdc++.so.6.0.30
7fe6a9aeb000-7fe6a9aee000 rw-p 00000000 00:00 0 
7fe6a9aee000-7fe6a9d70000 r--p 00000000 08:03 14420301                   /usr/lib/jvm/java-11-openjdk-amd64/lib/server/libjvm.so
7fe6a9d70000-7fe6aaa03000 r-xp 00282000 08:03 14420301                   /usr/lib/jvm/java-11-openjdk-amd64/lib/server/libjvm.so
7fe6aaa03000-7fe6aac5d000 r--p 00f15000 08:03 14420301                   /usr/lib/jvm/java-11-openjdk-amd64/lib/server/libjvm.so
7fe6aac5d000-7fe6aad21000 r--p 0116e000 08:03 14420301                   /usr/lib/jvm/java-11-openjdk-amd64/lib/server/libjvm.so
7fe6aad21000-7fe6aad5c000 rw-p 01232000 08:03 14420301                   /usr/lib/jvm/java-11-openjdk-amd64/lib/server/libjvm.so
7fe6aad5c000-7fe6aadb5000 rw-p 00000000 00:00 0 
7fe6aadb5000-7fe6aadb7000 r--p 00000000 08:03 13114715                   /usr/lib/x86_64-linux-gnu/libz.so.1.2.11
7fe6aadb7000-7fe6aadc8000 r-xp 00002000 08:03 13114715                   /usr/lib/x86_64-linux-gnu/libz.so.1.2.11
7fe6aadc8000-7fe6aadce000 r--p 00013000 08:03 13114715                   /usr/lib/x86_64-linux-gnu/libz.so.1.2.11
7fe6aadce000-7fe6aadcf000 ---p 00019000 08:03 13114715                   /usr/lib/x86_64-linux-gnu/libz.so.1.2.11
7fe6aadcf000-7fe6aadd0000 r--p 00019000 08:03 13114715                   /usr/lib/x86_64-linux-gnu/libz.so.1.2.11
7fe6aadd0000-7fe6aadd1000 rw-p 0001a000 08:03 13114715                   /usr/lib/x86_64-linux-gnu/libz.so.1.2.11
7fe6aadd1000-7fe6aadf9000 r--p 00000000 08:03 13113377                   /usr/lib/x86_64-linux-gnu/libc.so.6
7fe6aadf9000-7fe6aaf8e000 r-xp 00028000 08:03 13113377                   /usr/lib/x86_64-linux-gnu/libc.so.6
7fe6aaf8e000-7fe6aafe6000 r--p 001bd000 08:03 13113377                   /usr/lib/x86_64-linux-gnu/libc.so.6
7fe6aafe6000-7fe6aafea000 r--p 00214000 08:03 13113377                   /usr/lib/x86_64-linux-gnu/libc.so.6
7fe6aafea000-7fe6aafec000 rw-p 00218000 08:03 13113377                   /usr/lib/x86_64-linux-gnu/libc.so.6
7fe6aafec000-7fe6aaff9000 rw-p 00000000 00:00 0 
7fe6aaffa000-7fe6aaffc000 r--s 0000c000 08:03 14029524                   /usr/share/java/java-atk-wrapper.jar
7fe6aaffc000-7fe6aaffd000 ---p 00000000 00:00 0 
7fe6aaffd000-7fe6aaffe000 r--p 00000000 00:00 0 
7fe6aaffe000-7fe6ab000000 r--p 00000000 08:03 13768790                   /usr/lib/jvm/java-11-openjdk-amd64/lib/libjimage.so
7fe6ab000000-7fe6ab003000 r-xp 00002000 08:03 13768790                   /usr/lib/jvm/java-11-openjdk-amd64/lib/libjimage.so
7fe6ab003000-7fe6ab004000 r--p 00005000 08:03 13768790                   /usr/lib/jvm/java-11-openjdk-amd64/lib/libjimage.so
7fe6ab004000-7fe6ab005000 ---p 00006000 08:03 13768790                   /usr/lib/jvm/java-11-openjdk-amd64/lib/libjimage.so
7fe6ab005000-7fe6ab006000 r--p 00006000 08:03 13768790                   /usr/lib/jvm/java-11-openjdk-amd64/lib/libjimage.so
7fe6ab006000-7fe6ab007000 rw-p 00007000 08:03 13768790                   /usr/lib/jvm/java-11-openjdk-amd64/lib/libjimage.so
7fe6ab007000-7fe6ab00a000 r--p 00000000 08:03 14159372                   /usr/lib/jvm/java-11-openjdk-amd64/lib/jli/libjli.so
7fe6ab00a000-7fe6ab014000 r-xp 00003000 08:03 14159372                   /usr/lib/jvm/java-11-openjdk-amd64/lib/jli/libjli.so
7fe6ab014000-7fe6ab017000 r--p 0000d000 08:03 14159372                   /usr/lib/jvm/java-11-openjdk-amd64/lib/jli/libjli.so
7fe6ab017000-7fe6ab018000 ---p 00010000 08:03 14159372                   /usr/lib/jvm/java-11-openjdk-amd64/lib/jli/libjli.so
7fe6ab018000-7fe6ab019000 r--p 00010000 08:03 14159372                   /usr/lib/jvm/java-11-openjdk-amd64/lib/jli/libjli.so
7fe6ab019000-7fe6ab01a000 rw-p 00011000 08:03 14159372                   /usr/lib/jvm/java-11-openjdk-amd64/lib/jli/libjli.so
7fe6ab01a000-7fe6ab01c000 rw-p 00000000 00:00 0 
7fe6ab01c000-7fe6ab01e000 r--p 00000000 08:03 13113042                   /usr/lib/x86_64-linux-gnu/ld-linux-x86-64.so.2
7fe6ab01e000-7fe6ab048000 r-xp 00002000 08:03 13113042                   /usr/lib/x86_64-linux-gnu/ld-linux-x86-64.so.2
7fe6ab048000-7fe6ab053000 r--p 0002c000 08:03 13113042                   /usr/lib/x86_64-linux-gnu/ld-linux-x86-64.so.2
7fe6ab054000-7fe6ab056000 r--p 00037000 08:03 13113042                   /usr/lib/x86_64-linux-gnu/ld-linux-x86-64.so.2
7fe6ab056000-7fe6ab058000 rw-p 00039000 08:03 13113042                   /usr/lib/x86_64-linux-gnu/ld-linux-x86-64.so.2
7fff67d13000-7fff67d35000 rw-p 00000000 00:00 0                          [stack]
7fff67de8000-7fff67dec000 r--p 00000000 00:00 0                          [vvar]
7fff67dec000-7fff67dee000 r-xp 00000000 00:00 0                          [vdso]
ffffffffff600000-ffffffffff601000 --xp 00000000 00:00 0                  [vsyscall]


VM Arguments:
jvm_args: -XX:MaxMetaspaceSize=512m --add-opens=java.base/java.util=ALL-UNNAMED --add-opens=java.base/java.lang=ALL-UNNAMED --add-opens=java.base/java.lang.invoke=ALL-UNNAMED --add-opens=java.base/java.util=ALL-UNNAMED --add-opens=java.prefs/java.util.prefs=ALL-UNNAMED --add-opens=java.prefs/java.util.prefs=ALL-UNNAMED --add-opens=java.base/java.nio.charset=ALL-UNNAMED --add-opens=java.base/java.net=ALL-UNNAMED --add-opens=java.base/java.util.concurrent.atomic=ALL-UNNAMED -Xmx2048m -Dfile.encoding=UTF-8 -Duser.country=IN -Duser.language=en -Duser.variant 
java_command: org.gradle.launcher.daemon.bootstrap.GradleDaemon 7.5.1
java_class_path (initial): /home/sushant/.gradle/wrapper/dists/gradle-7.5.1-all/1ehga6e77gqps5uk2kc5kf1vc/gradle-7.5.1/lib/gradle-launcher-7.5.1.jar
Launcher Type: SUN_STANDARD

[Global flags]
     intx CICompilerCount                          = 4                                         {product} {ergonomic}
   size_t CompressedClassSpaceSize                 = 528482304                                 {product} {ergonomic}
     uint ConcGCThreads                            = 2                                         {product} {ergonomic}
     uint G1ConcRefinementThreads                  = 8                                         {product} {ergonomic}
   size_t G1HeapRegionSize                         = 1048576                                   {product} {ergonomic}
    uintx GCDrainStackTargetSize                   = 64                                        {product} {ergonomic}
   size_t InitialHeapSize                          = 127926272                                 {product} {ergonomic}
   size_t MarkStackSize                            = 4194304                                   {product} {ergonomic}
   size_t MaxHeapSize                              = 2147483648                                {product} {command line}
   size_t MaxMetaspaceSize                         = 536870912                                 {product} {command line}
   size_t MaxNewSize                               = 1287651328                                {product} {ergonomic}
   size_t MinHeapDeltaBytes                        = 1048576                                   {product} {ergonomic}
    uintx NonNMethodCodeHeapSize                   = 5836300                                {pd product} {ergonomic}
    uintx NonProfiledCodeHeapSize                  = 122910970                              {pd product} {ergonomic}
    uintx ProfiledCodeHeapSize                     = 122910970                              {pd product} {ergonomic}
    uintx ReservedCodeCacheSize                    = 251658240                              {pd product} {ergonomic}
     bool SegmentedCodeCache                       = true                                      {product} {ergonomic}
     bool UseCompressedClassPointers               = true                                 {lp64_product} {ergonomic}
     bool UseCompressedOops                        = true                                 {lp64_product} {ergonomic}
     bool UseG1GC                                  = true                                      {product} {ergonomic}

Logging:
Log output configuration:
 #0: stdout all=warning uptime,level,tags
 #1: stderr all=off uptime,level,tags

Environment Variables:
PATH=/home/sushant/Desktop/React-Native/ratinger/android/node_modules/.bin:/home/sushant/Desktop/React-Native/ratinger/node_modules/.bin:/home/sushant/Desktop/React-Native/node_modules/.bin:/home/sushant/Desktop/node_modules/.bin:/home/sushant/node_modules/.bin:/home/node_modules/.bin:/node_modules/.bin:/usr/local/bin:/home/sushant/Desktop/React-Native/ratinger/node_modules/.bin:/home/sushant/Desktop/React-Native/ratinger/node_modules/.bin:/home/sushant/Desktop/React-Native/node_modules/.bin:/home/sushant/Desktop/node_modules/.bin:/home/sushant/node_modules/.bin:/home/node_modules/.bin:/node_modules/.bin:/usr/local/lib/node_modules/npm/node_modules/@npmcli/run-script/lib/node-gyp-bin:/home/sushant/Desktop/React-Native/ratinger/node_modules/.bin:/home/sushant/Desktop/React-Native/node_modules/.bin:/home/sushant/Desktop/node_modules/.bin:/home/sushant/node_modules/.bin:/home/node_modules/.bin:/node_modules/.bin:/usr/local/bin:/home/sushant/Desktop/React-Native/ratinger/node_modules/.bin:/home/sushant/Desktop/React-Native/node_modules/.bin:/home/sushant/Desktop/node_modules/.bin:/home/sushant/node_modules/.bin:/home/node_modules/.bin:/node_modules/.bin:/usr/local/lib/node_modules/npm/node_modules/@npmcli/run-script/lib/node-gyp-bin:/usr/local/sbin:/usr/local/bin:/usr/sbin:/usr/bin:/sbin:/bin:/usr/games:/usr/local/games:/snap/bin:/snap/bin
USERNAME=sushant
SHELL=/bin/bash
DISPLAY=:0
LANG=en_IN
TERM=xterm-256color

Signal Handlers:
SIGSEGV: [libjvm.so+0xea2e90], sa_mask[0]=11111111011111111101111111111110, sa_flags=SA_RESTART|SA_SIGINFO
SIGBUS: [libjvm.so+0xea2e90], sa_mask[0]=11111111011111111101111111111110, sa_flags=SA_RESTART|SA_SIGINFO
SIGFPE: [libjvm.so+0xea2e90], sa_mask[0]=11111111011111111101111111111110, sa_flags=SA_RESTART|SA_SIGINFO
SIGPIPE: [libjvm.so+0xbe6fe0], sa_mask[0]=11111111011111111101111111111110, sa_flags=SA_RESTART|SA_SIGINFO
SIGXFSZ: [libjvm.so+0xbe6fe0], sa_mask[0]=11111111011111111101111111111110, sa_flags=SA_RESTART|SA_SIGINFO
SIGILL: [libjvm.so+0xea2e90], sa_mask[0]=11111111011111111101111111111110, sa_flags=SA_RESTART|SA_SIGINFO
SIGUSR2: [libjvm.so+0xbe6e80], sa_mask[0]=00100000000000000000000000000000, sa_flags=SA_RESTART|SA_SIGINFO
SIGHUP: [libjvm.so+0xbe7260], sa_mask[0]=11111111011111111101111111111110, sa_flags=SA_RESTART|SA_SIGINFO
SIGINT: [libjvm.so+0xbe7260], sa_mask[0]=11111111011111111101111111111110, sa_flags=SA_RESTART|SA_SIGINFO
SIGTERM: [libjvm.so+0xbe7260], sa_mask[0]=11111111011111111101111111111110, sa_flags=SA_RESTART|SA_SIGINFO
SIGQUIT: [libjvm.so+0xbe7260], sa_mask[0]=11111111011111111101111111111110, sa_flags=SA_RESTART|SA_SIGINFO


---------------  S Y S T E M  ---------------

OS:DISTRIB_ID=Ubuntu
DISTRIB_RELEASE=22.04
DISTRIB_CODENAME=jammy
DISTRIB_DESCRIPTION="Ubuntu 22.04.1 LTS"
uname:Linux 5.15.0-43-generic #46-Ubuntu SMP Tue Jul 12 10:30:17 UTC 2022 x86_64
OS uptime: 0 days 0:30 hours
libc:glibc 2.35 NPTL 2.35 
rlimit (soft/hard): STACK 8192k/infinity , CORE 0k/infinity , NPROC 30937/30937 , NOFILE 1048576/1048576 , AS infinity/infinity , CPU infinity/infinity , DATA infinity/infinity , FSIZE infinity/infinity , MEMLOCK 998672k/998672k
load average:2.03 1.47 1.30

/proc/meminfo:
MemTotal:        7989380 kB
MemFree:          154608 kB
MemAvailable:    2202448 kB
Buffers:          194816 kB
Cached:          2487580 kB
SwapCached:          244 kB
Active:          1037096 kB
Inactive:        6032432 kB
Active(anon):      12664 kB
Inactive(anon):  4985224 kB
Active(file):    1024432 kB
Inactive(file):  1047208 kB
Unevictable:      154380 kB
Mlocked:              32 kB
SwapTotal:       2097148 kB
SwapFree:        2093796 kB
Dirty:               500 kB
Writeback:             0 kB
AnonPages:       4541404 kB
Mapped:           700300 kB
Shmem:            613948 kB
KReclaimable:     283324 kB
Slab:             409848 kB
SReclaimable:     283324 kB
SUnreclaim:       126524 kB
KernelStack:       24720 kB
PageTables:        69332 kB
NFS_Unstable:          0 kB
Bounce:                0 kB
WritebackTmp:          0 kB
CommitLimit:     6091836 kB
Committed_AS:   15465464 kB
VmallocTotal:   34359738367 kB
VmallocUsed:       52940 kB
VmallocChunk:          0 kB
Percpu:             8224 kB
HardwareCorrupted:     0 kB
AnonHugePages:         0 kB
ShmemHugePages:        0 kB
ShmemPmdMapped:        0 kB
FileHugePages:         0 kB
FilePmdMapped:         0 kB
HugePages_Total:       0
HugePages_Free:        0
HugePages_Rsvd:        0
HugePages_Surp:        0
Hugepagesize:       2048 kB
Hugetlb:               0 kB
DirectMap4k:      323556 kB
DirectMap2M:     7913472 kB
DirectMap1G:     1048576 kB

/sys/kernel/mm/transparent_hugepage/enabled:
always [madvise] never
/sys/kernel/mm/transparent_hugepage/defrag (defrag/compaction efforts parameter):
always defer defer+madvise [madvise] never

Process Memory:
Virtual Size: 6677864K (peak: 8208764K)
Resident Set Size: 300300K (peak: 300300K) (anon: 271396K, file: 28904K, shmem: 0K)
Swapped out: 0K
C-Heap outstanding allocations: 60822K, retained: 19885K
glibc malloc tunables: (default)

/proc/sys/kernel/threads-max (system-wide limit on the number of threads):
61874
/proc/sys/vm/max_map_count (maximum number of memory map areas a process may have):
65530
/proc/sys/kernel/pid_max (system-wide limit on number of process identifiers):
4194304

container (cgroup) information:
container_type: cgroupv2
cpu_cpuset_cpus: not supported
cpu_memory_nodes: not supported
active_processor_count: 8
cpu_quota: not supported
cpu_period: not supported
cpu_shares: not supported
memory_limit_in_bytes: unlimited
memory_and_swap_limit_in_bytes: unlimited
memory_soft_limit_in_bytes: unlimited
memory_usage_in_bytes: 2338656 k
memory_max_usage_in_bytes: not supported
maximum number of tasks: 9281
current number of tasks: 506

Steal ticks since vm start: 0
Steal ticks percentage since vm start:  0.000

CPU:total 8 (initial active 8) (4 cores per cpu, 2 threads per core) family 6 model 142 stepping 12 microcode 0xf0, cmov, cx8, fxsr, mmx, sse, sse2, sse3, ssse3, sse4.1, sse4.2, popcnt, avx, avx2, aes, clmul, erms, 3dnowpref, lzcnt, ht, tsc, tscinvbit, bmi1, bmi2, adx, fma
CPU Model and flags from /proc/cpuinfo:
model name	: Intel(R) Core(TM) i5-8265U CPU @ 1.60GHz
flags		: fpu vme de pse tsc msr pae mce cx8 apic sep mtrr pge mca cmov pat pse36 clflush dts acpi mmx fxsr sse sse2 ss ht tm pbe syscall nx pdpe1gb rdtscp lm constant_tsc art arch_perfmon pebs bts rep_good nopl xtopology nonstop_tsc cpuid aperfmperf pni pclmulqdq dtes64 monitor ds_cpl vmx est tm2 ssse3 sdbg fma cx16 xtpr pdcm pcid sse4_1 sse4_2 x2apic movbe popcnt tsc_deadline_timer aes xsave avx f16c rdrand lahf_lm abm 3dnowprefetch cpuid_fault epb invpcid_single ssbd ibrs ibpb stibp ibrs_enhanced tpr_shadow vnmi flexpriority ept vpid ept_ad fsgsbase tsc_adjust bmi1 avx2 smep bmi2 erms invpcid mpx rdseed adx smap clflushopt intel_pt xsaveopt xsavec xgetbv1 xsaves dtherm ida arat pln pts hwp hwp_notify hwp_act_window hwp_epp md_clear flush_l1d arch_capabilities
Online cpus:
0-7
Offline cpus:

BIOS frequency limitation:
<Not Available>
Frequency switch latency (ns):
0
Available cpu frequencies:
<Not Available>
Current governor:
powersave
Core performance/turbo boost:
<Not Available>

Memory: 4k page, physical 7989380k(153600k free), swap 2097148k(2093796k free)

vm_info: OpenJDK 64-Bit Server VM (11.0.17+8-post-Ubuntu-1ubuntu222.04) for linux-amd64 JRE (11.0.17+8-post-Ubuntu-1ubuntu222.04), built on Oct 24 2022 16:41:58 by "unknown" with gcc 11.2.0

END.
